# JRE version: OpenJDK Runtime Environment (8.0_242-b01) (build 1.8.0_242-release-1644-b01)
# Java VM: OpenJDK 64-Bit Server VM (25.242-b01 mixed mode windows-amd64 compressed oops)
Heap:
 PSYoungGen      total 185856K, used 68720K [0x00000000d5580000, 0x00000000e4880000, 0x0000000100000000)
  eden space 166912K, 29% used [0x00000000d5580000,0x00000000d861fdd0,0x00000000df880000)
  from space 18944K, 99% used [0x00000000df880000,0x00000000e0afc558,0x00000000e0b00000)
  to   space 21504K, 0% used [0x00000000e3380000,0x00000000e3380000,0x00000000e4880000)
 ParOldGen       total 134656K, used 31930K [0x0000000080000000, 0x0000000088380000, 0x00000000d5580000)
  object space 134656K, 23% used [0x0000000080000000,0x0000000081f2eb80,0x0000000088380000)
 Metaspace       used 65508K, capacity 68292K, committed 68504K, reserved 1107968K
  class space    used 8937K, capacity 9537K, committed 9648K, reserved 1048576K
GC Heap History (10 events):
Event: 7.573 GC heap before
{Heap before GC invocations=12 (full 2):
 PSYoungGen      total 116224K, used 103936K [0x00000000d5580000, 0x00000000dfc80000, 0x0000000100000000)
  eden space 103936K, 100% used [0x00000000d5580000,0x00000000dbb00000,0x00000000dbb00000)
  from space 12288K, 0% used [0x00000000dbb00000,0x00000000dbb00000,0x00000000dc700000)
  to   space 12288K, 0% used [0x00000000df080000,0x00000000df080000,0x00000000dfc80000)
 ParOldGen       total 90624K, used 15894K [0x0000000080000000, 0x0000000085880000, 0x00000000d5580000)
  object space 90624K, 17% used [0x0000000080000000,0x0000000080f85aa0,0x0000000085880000)
 Metaspace       used 43139K, capacity 44586K, committed 44848K, reserved 1087488K
  class space    used 5838K, capacity 6183K, committed 6192K, reserved 1048576K
Event: 7.591 GC heap after
Heap after GC invocations=12 (full 2):
 PSYoungGen      total 143872K, used 12024K [0x00000000d5580000, 0x00000000dfc80000, 0x0000000100000000)
  eden space 131584K, 0% used [0x00000000d5580000,0x00000000d5580000,0x00000000dd600000)
  from space 12288K, 97% used [0x00000000df080000,0x00000000dfc3e180,0x00000000dfc80000)
  to   space 13824K, 0% used [0x00000000de180000,0x00000000de180000,0x00000000def00000)
 ParOldGen       total 90624K, used 15902K [0x0000000080000000, 0x0000000085880000, 0x00000000d5580000)
  object space 90624K, 17% used [0x0000000080000000,0x0000000080f87aa0,0x0000000085880000)
 Metaspace       used 43139K, capacity 44586K, committed 44848K, reserved 1087488K
  class space    used 5838K, capacity 6183K, committed 6192K, reserved 1048576K
}
Event: 9.430 GC heap before
{Heap before GC invocations=13 (full 2):
 PSYoungGen      total 143872K, used 143608K [0x00000000d5580000, 0x00000000dfc80000, 0x0000000100000000)
  eden space 131584K, 100% used [0x00000000d5580000,0x00000000dd600000,0x00000000dd600000)
  from space 12288K, 97% used [0x00000000df080000,0x00000000dfc3e180,0x00000000dfc80000)
  to   space 13824K, 0% used [0x00000000de180000,0x00000000de180000,0x00000000def00000)
 ParOldGen       total 90624K, used 15902K [0x0000000080000000, 0x0000000085880000, 0x00000000d5580000)
  object space 90624K, 17% used [0x0000000080000000,0x0000000080f87aa0,0x0000000085880000)
 Metaspace       used 54314K, capacity 56214K, committed 56496K, reserved 1097728K
  class space    used 7341K, capacity 7758K, committed 7856K, reserved 1048576K
Event: 9.477 GC heap after
Heap after GC invocations=13 (full 2):
 PSYoungGen      total 157184K, used 13820K [0x00000000d5580000, 0x00000000e1d00000, 0x0000000100000000)
  eden space 143360K, 0% used [0x00000000d5580000,0x00000000d5580000,0x00000000de180000)
  from space 13824K, 99% used [0x00000000de180000,0x00000000deeff340,0x00000000def00000)
  to   space 18432K, 0% used [0x00000000e0b00000,0x00000000e0b00000,0x00000000e1d00000)
 ParOldGen       total 90624K, used 24306K [0x0000000080000000, 0x0000000085880000, 0x00000000d5580000)
  object space 90624K, 26% used [0x0000000080000000,0x00000000817bc940,0x0000000085880000)
 Metaspace       used 54314K, capacity 56214K, committed 56496K, reserved 1097728K
  class space    used 7341K, capacity 7758K, committed 7856K, reserved 1048576K
}
Event: 10.014 GC heap before
{Heap before GC invocations=14 (full 2):
 PSYoungGen      total 157184K, used 51462K [0x00000000d5580000, 0x00000000e1d00000, 0x0000000100000000)
  eden space 143360K, 26% used [0x00000000d5580000,0x00000000d7a425a8,0x00000000de180000)
  from space 13824K, 99% used [0x00000000de180000,0x00000000deeff340,0x00000000def00000)
  to   space 18432K, 0% used [0x00000000e0b00000,0x00000000e0b00000,0x00000000e1d00000)
 ParOldGen       total 90624K, used 24306K [0x0000000080000000, 0x0000000085880000, 0x00000000d5580000)
  object space 90624K, 26% used [0x0000000080000000,0x00000000817bc940,0x0000000085880000)
 Metaspace       used 56964K, capacity 59034K, committed 59160K, reserved 1099776K
  class space    used 7688K, capacity 8154K, committed 8240K, reserved 1048576K
Event: 10.038 GC heap after
Heap after GC invocations=14 (full 2):
 PSYoungGen      total 185344K, used 12770K [0x00000000d5580000, 0x00000000e3080000, 0x0000000100000000)
  eden space 166912K, 0% used [0x00000000d5580000,0x00000000d5580000,0x00000000df880000)
  from space 18432K, 69% used [0x00000000e0b00000,0x00000000e17788a0,0x00000000e1d00000)
  to   space 18944K, 0% used [0x00000000df880000,0x00000000df880000,0x00000000e0b00000)
 ParOldGen       total 90624K, used 29548K [0x0000000080000000, 0x0000000085880000, 0x00000000d5580000)
  object space 90624K, 32% used [0x0000000080000000,0x0000000081cdb0a0,0x0000000085880000)
 Metaspace       used 56964K, capacity 59034K, committed 59160K, reserved 1099776K
  class space    used 7688K, capacity 8154K, committed 8240K, reserved 1048576K
}
Event: 10.038 GC heap before
{Heap before GC invocations=15 (full 3):
 PSYoungGen      total 185344K, used 12770K [0x00000000d5580000, 0x00000000e3080000, 0x0000000100000000)
  eden space 166912K, 0% used [0x00000000d5580000,0x00000000d5580000,0x00000000df880000)
  from space 18432K, 69% used [0x00000000e0b00000,0x00000000e17788a0,0x00000000e1d00000)
  to   space 18944K, 0% used [0x00000000df880000,0x00000000df880000,0x00000000e0b00000)
 ParOldGen       total 90624K, used 29548K [0x0000000080000000, 0x0000000085880000, 0x00000000d5580000)
  object space 90624K, 32% used [0x0000000080000000,0x0000000081cdb0a0,0x0000000085880000)
 Metaspace       used 56964K, capacity 59034K, committed 59160K, reserved 1099776K
  class space    used 7688K, capacity 8154K, committed 8240K, reserved 1048576K
Event: 10.301 GC heap after
Heap after GC invocations=15 (full 3):
 PSYoungGen      total 185344K, used 0K [0x00000000d5580000, 0x00000000e3080000, 0x0000000100000000)
  eden space 166912K, 0% used [0x00000000d5580000,0x00000000d5580000,0x00000000df880000)
  from space 18432K, 0% used [0x00000000e0b00000,0x00000000e0b00000,0x00000000e1d00000)
  to   space 18944K, 0% used [0x00000000df880000,0x00000000df880000,0x00000000e0b00000)
 ParOldGen       total 134656K, used 31385K [0x0000000080000000, 0x0000000088380000, 0x00000000d5580000)
  object space 134656K, 23% used [0x0000000080000000,0x0000000081ea6648,0x0000000088380000)
 Metaspace       used 56961K, capacity 59022K, committed 59160K, reserved 1099776K
  class space    used 7687K, capacity 8152K, committed 8240K, reserved 1048576K
}
Event: 12.970 GC heap before
{Heap before GC invocations=16 (full 3):
 PSYoungGen      total 185344K, used 166912K [0x00000000d5580000, 0x00000000e3080000, 0x0000000100000000)
  eden space 166912K, 100% used [0x00000000d5580000,0x00000000df880000,0x00000000df880000)
  from space 18432K, 0% used [0x00000000e0b00000,0x00000000e0b00000,0x00000000e1d00000)
  to   space 18944K, 0% used [0x00000000df880000,0x00000000df880000,0x00000000e0b00000)
 ParOldGen       total 134656K, used 31385K [0x0000000080000000, 0x0000000088380000, 0x00000000d5580000)
  object space 134656K, 23% used [0x0000000080000000,0x0000000081ea6648,0x0000000088380000)
 Metaspace       used 64204K, capacity 66942K, committed 67224K, reserved 1107968K
  class space    used 8791K, capacity 9350K, committed 9392K, reserved 1048576K
Event: 12.998 GC heap after
Heap after GC invocations=16 (full 3):
 PSYoungGen      total 185856K, used 18929K [0x00000000d5580000, 0x00000000e4880000, 0x0000000100000000)
  eden space 166912K, 0% used [0x00000000d5580000,0x00000000d5580000,0x00000000df880000)
  from space 18944K, 99% used [0x00000000df880000,0x00000000e0afc558,0x00000000e0b00000)
  to   space 21504K, 0% used [0x00000000e3380000,0x00000000e3380000,0x00000000e4880000)
 ParOldGen       total 134656K, used 31930K [0x0000000080000000, 0x0000000088380000, 0x00000000d5580000)
  object space 134656K, 23% used [0x0000000080000000,0x0000000081f2eb80,0x0000000088380000)
 Metaspace       used 64204K, capacity 66942K, committed 67224K, reserved 1107968K
  class space    used 8791K, capacity 9350K, committed 9392K, reserved 1048576K
}

