# JRE version: OpenJDK Runtime Environment (8.0_242-b01) (build 1.8.0_242-release-1644-b01)
# Java VM: OpenJDK 64-Bit Server VM (25.242-b01 mixed mode windows-amd64 compressed oops)
Heap:
 PSYoungGen      total 71680K, used 31322K [0x00000000d5d00000, 0x00000000da800000, 0x0000000100000000)
  eden space 66560K, 47% used [0x00000000d5d00000,0x00000000d7b96868,0x00000000d9e00000)
  from space 5120K, 0% used [0x00000000da300000,0x00000000da300000,0x00000000da800000)
  to   space 5120K, 0% used [0x00000000d9e00000,0x00000000d9e00000,0x00000000da300000)
 ParOldGen       total 66048K, used 52245K [0x0000000081600000, 0x0000000085680000, 0x00000000d5d00000)
  object space 66048K, 79% used [0x0000000081600000,0x00000000849057a0,0x0000000085680000)
 Metaspace       used 55664K, capacity 56662K, committed 57136K, reserved 1099776K
  class space    used 6631K, capacity 6870K, committed 6960K, reserved 1048576K
GC Heap History (10 events):
Event: 3.372 GC heap before
{Heap before GC invocations=7 (full 2):
 PSYoungGen      total 71680K, used 5100K [0x00000000d5d00000, 0x00000000da800000, 0x0000000100000000)
  eden space 66560K, 0% used [0x00000000d5d00000,0x00000000d5d00000,0x00000000d9e00000)
  from space 5120K, 99% used [0x00000000d9e00000,0x00000000da2fb0e0,0x00000000da300000)
  to   space 5120K, 0% used [0x00000000da300000,0x00000000da300000,0x00000000da800000)
 ParOldGen       total 66048K, used 25967K [0x0000000081600000, 0x0000000085680000, 0x00000000d5d00000)
  object space 66048K, 39% used [0x0000000081600000,0x0000000082f5bce0,0x0000000085680000)
 Metaspace       used 34723K, capacity 35270K, committed 35496K, reserved 1081344K
  class space    used 4441K, capacity 4592K, committed 4656K, reserved 1048576K
Event: 3.452 GC heap after
Heap after GC invocations=7 (full 2):
 PSYoungGen      total 71680K, used 0K [0x00000000d5d00000, 0x00000000da800000, 0x0000000100000000)
  eden space 66560K, 0% used [0x00000000d5d00000,0x00000000d5d00000,0x00000000d9e00000)
  from space 5120K, 0% used [0x00000000d9e00000,0x00000000d9e00000,0x00000000da300000)
  to   space 5120K, 0% used [0x00000000da300000,0x00000000da300000,0x00000000da800000)
 ParOldGen       total 66048K, used 17701K [0x0000000081600000, 0x0000000085680000, 0x00000000d5d00000)
  object space 66048K, 26% used [0x0000000081600000,0x0000000082749518,0x0000000085680000)
 Metaspace       used 34723K, capacity 35270K, committed 35496K, reserved 1081344K
  class space    used 4441K, capacity 4592K, committed 4656K, reserved 1048576K
}
Event: 4.372 GC heap before
{Heap before GC invocations=8 (full 2):
 PSYoungGen      total 71680K, used 66560K [0x00000000d5d00000, 0x00000000da800000, 0x0000000100000000)
  eden space 66560K, 100% used [0x00000000d5d00000,0x00000000d9e00000,0x00000000d9e00000)
  from space 5120K, 0% used [0x00000000d9e00000,0x00000000d9e00000,0x00000000da300000)
  to   space 5120K, 0% used [0x00000000da300000,0x00000000da300000,0x00000000da800000)
 ParOldGen       total 66048K, used 17701K [0x0000000081600000, 0x0000000085680000, 0x00000000d5d00000)
  object space 66048K, 26% used [0x0000000081600000,0x0000000082749518,0x0000000085680000)
 Metaspace       used 39673K, capacity 40288K, committed 40496K, reserved 1085440K
  class space    used 5023K, capacity 5167K, committed 5168K, reserved 1048576K
Event: 4.384 GC heap after
Heap after GC invocations=8 (full 2):
 PSYoungGen      total 71680K, used 5112K [0x00000000d5d00000, 0x00000000da800000, 0x0000000100000000)
  eden space 66560K, 0% used [0x00000000d5d00000,0x00000000d5d00000,0x00000000d9e00000)
  from space 5120K, 99% used [0x00000000da300000,0x00000000da7fe1b8,0x00000000da800000)
  to   space 5120K, 0% used [0x00000000d9e00000,0x00000000d9e00000,0x00000000da300000)
 ParOldGen       total 66048K, used 25561K [0x0000000081600000, 0x0000000085680000, 0x00000000d5d00000)
  object space 66048K, 38% used [0x0000000081600000,0x0000000082ef6658,0x0000000085680000)
 Metaspace       used 39673K, capacity 40288K, committed 40496K, reserved 1085440K
  class space    used 5023K, capacity 5167K, committed 5168K, reserved 1048576K
}
Event: 6.009 GC heap before
{Heap before GC invocations=9 (full 2):
 PSYoungGen      total 71680K, used 71672K [0x00000000d5d00000, 0x00000000da800000, 0x0000000100000000)
  eden space 66560K, 100% used [0x00000000d5d00000,0x00000000d9e00000,0x00000000d9e00000)
  from space 5120K, 99% used [0x00000000da300000,0x00000000da7fe1b8,0x00000000da800000)
  to   space 5120K, 0% used [0x00000000d9e00000,0x00000000d9e00000,0x00000000da300000)
 ParOldGen       total 66048K, used 25561K [0x0000000081600000, 0x0000000085680000, 0x00000000d5d00000)
  object space 66048K, 38% used [0x0000000081600000,0x0000000082ef6658,0x0000000085680000)
 Metaspace       used 44640K, capacity 45424K, committed 45744K, reserved 1089536K
  class space    used 5469K, capacity 5701K, committed 5808K, reserved 1048576K
Event: 6.039 GC heap after
Heap after GC invocations=9 (full 2):
 PSYoungGen      total 71680K, used 5096K [0x00000000d5d00000, 0x00000000da800000, 0x0000000100000000)
  eden space 66560K, 0% used [0x00000000d5d00000,0x00000000d5d00000,0x00000000d9e00000)
  from space 5120K, 99% used [0x00000000d9e00000,0x00000000da2fa010,0x00000000da300000)
  to   space 5120K, 0% used [0x00000000da300000,0x00000000da300000,0x00000000da800000)
 ParOldGen       total 66048K, used 39679K [0x0000000081600000, 0x0000000085680000, 0x00000000d5d00000)
  object space 66048K, 60% used [0x0000000081600000,0x0000000083cbff48,0x0000000085680000)
 Metaspace       used 44640K, capacity 45424K, committed 45744K, reserved 1089536K
  class space    used 5469K, capacity 5701K, committed 5808K, reserved 1048576K
}
Event: 7.709 GC heap before
{Heap before GC invocations=10 (full 2):
 PSYoungGen      total 71680K, used 71656K [0x00000000d5d00000, 0x00000000da800000, 0x0000000100000000)
  eden space 66560K, 100% used [0x00000000d5d00000,0x00000000d9e00000,0x00000000d9e00000)
  from space 5120K, 99% used [0x00000000d9e00000,0x00000000da2fa010,0x00000000da300000)
  to   space 5120K, 0% used [0x00000000da300000,0x00000000da300000,0x00000000da800000)
 ParOldGen       total 66048K, used 39679K [0x0000000081600000, 0x0000000085680000, 0x00000000d5d00000)
  object space 66048K, 60% used [0x0000000081600000,0x0000000083cbff48,0x0000000085680000)
 Metaspace       used 51627K, capacity 52498K, committed 52912K, reserved 1095680K
  class space    used 6278K, capacity 6524K, committed 6576K, reserved 1048576K
Event: 7.729 GC heap after
Heap after GC invocations=10 (full 2):
 PSYoungGen      total 71680K, used 5096K [0x00000000d5d00000, 0x00000000da800000, 0x0000000100000000)
  eden space 66560K, 0% used [0x00000000d5d00000,0x00000000d5d00000,0x00000000d9e00000)
  from space 5120K, 99% used [0x00000000da300000,0x00000000da7fa010,0x00000000da800000)
  to   space 5120K, 0% used [0x00000000d9e00000,0x00000000d9e00000,0x00000000da300000)
 ParOldGen       total 66048K, used 52292K [0x0000000081600000, 0x0000000085680000, 0x00000000d5d00000)
  object space 66048K, 79% used [0x0000000081600000,0x0000000084911370,0x0000000085680000)
 Metaspace       used 51627K, capacity 52498K, committed 52912K, reserved 1095680K
  class space    used 6278K, capacity 6524K, committed 6576K, reserved 1048576K
}
Event: 7.729 GC heap before
{Heap before GC invocations=11 (full 3):
 PSYoungGen      total 71680K, used 5096K [0x00000000d5d00000, 0x00000000da800000, 0x0000000100000000)
  eden space 66560K, 0% used [0x00000000d5d00000,0x00000000d5d00000,0x00000000d9e00000)
  from space 5120K, 99% used [0x00000000da300000,0x00000000da7fa010,0x00000000da800000)
  to   space 5120K, 0% used [0x00000000d9e00000,0x00000000d9e00000,0x00000000da300000)
 ParOldGen       total 66048K, used 52292K [0x0000000081600000, 0x0000000085680000, 0x00000000d5d00000)
  object space 66048K, 79% used [0x0000000081600000,0x0000000084911370,0x0000000085680000)
 Metaspace       used 51627K, capacity 52498K, committed 52912K, reserved 1095680K
  class space    used 6278K, capacity 6524K, committed 6576K, reserved 1048576K
Event: 8.000 GC heap after
Heap after GC invocations=11 (full 3):
 PSYoungGen      total 71680K, used 0K [0x00000000d5d00000, 0x00000000da800000, 0x0000000100000000)
  eden space 66560K, 0% used [0x00000000d5d00000,0x00000000d5d00000,0x00000000d9e00000)
  from space 5120K, 0% used [0x00000000da300000,0x00000000da300000,0x00000000da800000)
  to   space 5120K, 0% used [0x00000000d9e00000,0x00000000d9e00000,0x00000000da300000)
 ParOldGen       total 66048K, used 52245K [0x0000000081600000, 0x0000000085680000, 0x00000000d5d00000)
  object space 66048K, 79% used [0x0000000081600000,0x00000000849057a0,0x0000000085680000)
 Metaspace       used 51627K, capacity 52498K, committed 52912K, reserved 1095680K
  class space    used 6278K, capacity 6524K, committed 6576K, reserved 1048576K
}

