# JRE version: OpenJDK Runtime Environment (8.0_242-b01) (build 1.8.0_242-release-1644-b01)
# Java VM: OpenJDK 64-Bit Server VM (25.242-b01 mixed mode windows-amd64 compressed oops)
Heap:
 PSYoungGen      total 53760K, used 33208K [0x00000000d5d00000, 0x00000000da800000, 0x0000000100000000)
  eden space 48640K, 68% used [0x00000000d5d00000,0x00000000d7d6e1e8,0x00000000d8c80000)
  from space 5120K, 0% used [0x00000000da300000,0x00000000da300000,0x00000000da800000)
  to   space 5120K, 0% used [0x00000000d9e00000,0x00000000d9e00000,0x00000000da300000)
 ParOldGen       total 66560K, used 15116K [0x0000000081600000, 0x0000000085700000, 0x00000000d5d00000)
  object space 66560K, 22% used [0x0000000081600000,0x00000000824c33e0,0x0000000085700000)
 Metaspace       used 37327K, capacity 37872K, committed 38064K, reserved 1083392K
  class space    used 4762K, capacity 4921K, committed 5040K, reserved 1048576K
GC Heap History (10 events):
Event: 1.789 GC heap before
{Heap before GC invocations=4 (full 1):
 PSYoungGen      total 38400K, used 5088K [0x00000000d5d00000, 0x00000000da800000, 0x0000000100000000)
  eden space 33280K, 0% used [0x00000000d5d00000,0x00000000d5d00000,0x00000000d7d80000)
  from space 5120K, 99% used [0x00000000d7d80000,0x00000000d8278010,0x00000000d8280000)
  to   space 5120K, 0% used [0x00000000da300000,0x00000000da300000,0x00000000da800000)
 ParOldGen       total 87552K, used 11664K [0x0000000081600000, 0x0000000086b80000, 0x00000000d5d00000)
  object space 87552K, 13% used [0x0000000081600000,0x0000000082164010,0x0000000086b80000)
 Metaspace       used 20799K, capacity 21188K, committed 21296K, reserved 1069056K
  class space    used 2464K, capacity 2594K, committed 2608K, reserved 1048576K
Event: 1.829 GC heap after
Heap after GC invocations=4 (full 1):
 PSYoungGen      total 38400K, used 0K [0x00000000d5d00000, 0x00000000da800000, 0x0000000100000000)
  eden space 33280K, 0% used [0x00000000d5d00000,0x00000000d5d00000,0x00000000d7d80000)
  from space 5120K, 0% used [0x00000000d7d80000,0x00000000d7d80000,0x00000000d8280000)
  to   space 5120K, 0% used [0x00000000da300000,0x00000000da300000,0x00000000da800000)
 ParOldGen       total 66560K, used 8992K [0x0000000081600000, 0x0000000085700000, 0x00000000d5d00000)
  object space 66560K, 13% used [0x0000000081600000,0x0000000081ec8260,0x0000000085700000)
 Metaspace       used 20799K, capacity 21188K, committed 21296K, reserved 1069056K
  class space    used 2464K, capacity 2594K, committed 2608K, reserved 1048576K
}
Event: 2.632 GC heap before
{Heap before GC invocations=5 (full 1):
 PSYoungGen      total 38400K, used 33280K [0x00000000d5d00000, 0x00000000da800000, 0x0000000100000000)
  eden space 33280K, 100% used [0x00000000d5d00000,0x00000000d7d80000,0x00000000d7d80000)
  from space 5120K, 0% used [0x00000000d7d80000,0x00000000d7d80000,0x00000000d8280000)
  to   space 5120K, 0% used [0x00000000da300000,0x00000000da300000,0x00000000da800000)
 ParOldGen       total 66560K, used 8992K [0x0000000081600000, 0x0000000085700000, 0x00000000d5d00000)
  object space 66560K, 13% used [0x0000000081600000,0x0000000081ec8260,0x0000000085700000)
 Metaspace       used 24594K, capacity 25094K, committed 25264K, reserved 1071104K
  class space    used 2939K, capacity 3121K, committed 3248K, reserved 1048576K
Event: 2.648 GC heap after
Heap after GC invocations=5 (full 1):
 PSYoungGen      total 53760K, used 5097K [0x00000000d5d00000, 0x00000000da800000, 0x0000000100000000)
  eden space 48640K, 0% used [0x00000000d5d00000,0x00000000d5d00000,0x00000000d8c80000)
  from space 5120K, 99% used [0x00000000da300000,0x00000000da7fa470,0x00000000da800000)
  to   space 5120K, 0% used [0x00000000d9e00000,0x00000000d9e00000,0x00000000da300000)
 ParOldGen       total 66560K, used 11604K [0x0000000081600000, 0x0000000085700000, 0x00000000d5d00000)
  object space 66560K, 17% used [0x0000000081600000,0x00000000821550e0,0x0000000085700000)
 Metaspace       used 24594K, capacity 25094K, committed 25264K, reserved 1071104K
  class space    used 2939K, capacity 3121K, committed 3248K, reserved 1048576K
}
Event: 3.568 GC heap before
{Heap before GC invocations=6 (full 1):
 PSYoungGen      total 53760K, used 53737K [0x00000000d5d00000, 0x00000000da800000, 0x0000000100000000)
  eden space 48640K, 100% used [0x00000000d5d00000,0x00000000d8c80000,0x00000000d8c80000)
  from space 5120K, 99% used [0x00000000da300000,0x00000000da7fa470,0x00000000da800000)
  to   space 5120K, 0% used [0x00000000d9e00000,0x00000000d9e00000,0x00000000da300000)
 ParOldGen       total 66560K, used 11604K [0x0000000081600000, 0x0000000085700000, 0x00000000d5d00000)
  object space 66560K, 17% used [0x0000000081600000,0x00000000821550e0,0x0000000085700000)
 Metaspace       used 33655K, capacity 34116K, committed 34480K, reserved 1079296K
  class space    used 4344K, capacity 4476K, committed 4528K, reserved 1048576K
Event: 3.584 GC heap after
Heap after GC invocations=6 (full 1):
 PSYoungGen      total 53760K, used 5091K [0x00000000d5d00000, 0x00000000da800000, 0x0000000100000000)
  eden space 48640K, 0% used [0x00000000d5d00000,0x00000000d5d00000,0x00000000d8c80000)
  from space 5120K, 99% used [0x00000000d9e00000,0x00000000da2f8c20,0x00000000da300000)
  to   space 5120K, 0% used [0x00000000da300000,0x00000000da300000,0x00000000da800000)
 ParOldGen       total 66560K, used 23967K [0x0000000081600000, 0x0000000085700000, 0x00000000d5d00000)
  object space 66560K, 36% used [0x0000000081600000,0x0000000082d67e70,0x0000000085700000)
 Metaspace       used 33655K, capacity 34116K, committed 34480K, reserved 1079296K
  class space    used 4344K, capacity 4476K, committed 4528K, reserved 1048576K
}
Event: 3.714 GC heap before
{Heap before GC invocations=7 (full 1):
 PSYoungGen      total 53760K, used 10987K [0x00000000d5d00000, 0x00000000da800000, 0x0000000100000000)
  eden space 48640K, 12% used [0x00000000d5d00000,0x00000000d62c20e8,0x00000000d8c80000)
  from space 5120K, 99% used [0x00000000d9e00000,0x00000000da2f8c20,0x00000000da300000)
  to   space 5120K, 0% used [0x00000000da300000,0x00000000da300000,0x00000000da800000)
 ParOldGen       total 66560K, used 23967K [0x0000000081600000, 0x0000000085700000, 0x00000000d5d00000)
  object space 66560K, 36% used [0x0000000081600000,0x0000000082d67e70,0x0000000085700000)
 Metaspace       used 34831K, capacity 35373K, committed 35496K, reserved 1081344K
  class space    used 4470K, capacity 4626K, committed 4656K, reserved 1048576K
Event: 3.721 GC heap after
Heap after GC invocations=7 (full 1):
 PSYoungGen      total 53760K, used 5091K [0x00000000d5d00000, 0x00000000da800000, 0x0000000100000000)
  eden space 48640K, 0% used [0x00000000d5d00000,0x00000000d5d00000,0x00000000d8c80000)
  from space 5120K, 99% used [0x00000000da300000,0x00000000da7f8c20,0x00000000da800000)
  to   space 5120K, 0% used [0x00000000d9e00000,0x00000000d9e00000,0x00000000da300000)
 ParOldGen       total 66560K, used 25201K [0x0000000081600000, 0x0000000085700000, 0x00000000d5d00000)
  object space 66560K, 37% used [0x0000000081600000,0x0000000082e9c478,0x0000000085700000)
 Metaspace       used 34831K, capacity 35373K, committed 35496K, reserved 1081344K
  class space    used 4470K, capacity 4626K, committed 4656K, reserved 1048576K
}
Event: 3.721 GC heap before
{Heap before GC invocations=8 (full 2):
 PSYoungGen      total 53760K, used 5091K [0x00000000d5d00000, 0x00000000da800000, 0x0000000100000000)
  eden space 48640K, 0% used [0x00000000d5d00000,0x00000000d5d00000,0x00000000d8c80000)
  from space 5120K, 99% used [0x00000000da300000,0x00000000da7f8c20,0x00000000da800000)
  to   space 5120K, 0% used [0x00000000d9e00000,0x00000000d9e00000,0x00000000da300000)
 ParOldGen       total 66560K, used 25201K [0x0000000081600000, 0x0000000085700000, 0x00000000d5d00000)
  object space 66560K, 37% used [0x0000000081600000,0x0000000082e9c478,0x0000000085700000)
 Metaspace       used 34831K, capacity 35373K, committed 35496K, reserved 1081344K
  class space    used 4470K, capacity 4626K, committed 4656K, reserved 1048576K
Event: 3.801 GC heap after
Heap after GC invocations=8 (full 2):
 PSYoungGen      total 53760K, used 0K [0x00000000d5d00000, 0x00000000da800000, 0x0000000100000000)
  eden space 48640K, 0% used [0x00000000d5d00000,0x00000000d5d00000,0x00000000d8c80000)
  from space 5120K, 0% used [0x00000000da300000,0x00000000da300000,0x00000000da800000)
  to   space 5120K, 0% used [0x00000000d9e00000,0x00000000d9e00000,0x00000000da300000)
 ParOldGen       total 66560K, used 15116K [0x0000000081600000, 0x0000000085700000, 0x00000000d5d00000)
  object space 66560K, 22% used [0x0000000081600000,0x00000000824c33e0,0x0000000085700000)
 Metaspace       used 34831K, capacity 35373K, committed 35496K, reserved 1081344K
  class space    used 4470K, capacity 4626K, committed 4656K, reserved 1048576K
}

