# JRE version: OpenJDK Runtime Environment (8.0_242-b01) (build 1.8.0_242-release-1644-b01)
# Java VM: OpenJDK 64-Bit Server VM (25.242-b01 mixed mode windows-amd64 compressed oops)
Heap:
 PSYoungGen      total 403968K, used 337434K [0x00000000d5580000, 0x00000000f4400000, 0x0000000100000000)
  eden space 347648K, 85% used [0x00000000d5580000,0x00000000e77f8a98,0x00000000ea900000)
  from space 56320K, 71% used [0x00000000ea900000,0x00000000ed00de00,0x00000000ee000000)
  to   space 57856K, 0% used [0x00000000f0b80000,0x00000000f0b80000,0x00000000f4400000)
 ParOldGen       total 290816K, used 99545K [0x0000000080000000, 0x0000000091c00000, 0x00000000d5580000)
  object space 290816K, 34% used [0x0000000080000000,0x0000000086136448,0x0000000091c00000)
 Metaspace       used 171931K, capacity 183229K, committed 192496K, reserved 1216512K
  class space    used 22212K, capacity 24137K, committed 25904K, reserved 1048576K
GC Heap History (10 events):
Event: 7465.497 GC heap before
{Heap before GC invocations=47 (full 6):
 PSYoungGen      total 397312K, used 397284K [0x00000000d5580000, 0x00000000f2d80000, 0x0000000100000000)
  eden space 355328K, 100% used [0x00000000d5580000,0x00000000eb080000,0x00000000eb080000)
  from space 41984K, 99% used [0x00000000ee000000,0x00000000f08f92f8,0x00000000f0900000)
  to   space 48640K, 0% used [0x00000000eb080000,0x00000000eb080000,0x00000000ee000000)
 ParOldGen       total 290816K, used 99537K [0x0000000080000000, 0x0000000091c00000, 0x00000000d5580000)
  object space 290816K, 34% used [0x0000000080000000,0x0000000086134448,0x0000000091c00000)
 Metaspace       used 171788K, capacity 182999K, committed 192496K, reserved 1216512K
  class space    used 22211K, capacity 24136K, committed 25904K, reserved 1048576K
Event: 7465.540 GC heap after
Heap after GC invocations=47 (full 6):
 PSYoungGen      total 403968K, used 41444K [0x00000000d5580000, 0x00000000f2d80000, 0x0000000100000000)
  eden space 355328K, 0% used [0x00000000d5580000,0x00000000d5580000,0x00000000eb080000)
  from space 48640K, 85% used [0x00000000eb080000,0x00000000ed8f9320,0x00000000ee000000)
  to   space 41984K, 0% used [0x00000000ee000000,0x00000000ee000000,0x00000000f0900000)
 ParOldGen       total 290816K, used 99537K [0x0000000080000000, 0x0000000091c00000, 0x00000000d5580000)
  object space 290816K, 34% used [0x0000000080000000,0x0000000086134448,0x0000000091c00000)
 Metaspace       used 171788K, capacity 182999K, committed 192496K, reserved 1216512K
  class space    used 22211K, capacity 24136K, committed 25904K, reserved 1048576K
}
Event: 7466.713 GC heap before
{Heap before GC invocations=48 (full 6):
 PSYoungGen      total 403968K, used 396772K [0x00000000d5580000, 0x00000000f2d80000, 0x0000000100000000)
  eden space 355328K, 100% used [0x00000000d5580000,0x00000000eb080000,0x00000000eb080000)
  from space 48640K, 85% used [0x00000000eb080000,0x00000000ed8f9320,0x00000000ee000000)
  to   space 41984K, 0% used [0x00000000ee000000,0x00000000ee000000,0x00000000f0900000)
 ParOldGen       total 290816K, used 99537K [0x0000000080000000, 0x0000000091c00000, 0x00000000d5580000)
  object space 290816K, 34% used [0x0000000080000000,0x0000000086134448,0x0000000091c00000)
 Metaspace       used 171834K, capacity 183079K, committed 192496K, reserved 1216512K
  class space    used 22211K, capacity 24136K, committed 25904K, reserved 1048576K
Event: 7466.745 GC heap after
Heap after GC invocations=48 (full 6):
 PSYoungGen      total 389632K, used 39948K [0x00000000d5580000, 0x00000000f4200000, 0x0000000100000000)
  eden space 347648K, 0% used [0x00000000d5580000,0x00000000d5580000,0x00000000ea900000)
  from space 41984K, 95% used [0x00000000ee000000,0x00000000f07031f8,0x00000000f0900000)
  to   space 56320K, 0% used [0x00000000ea900000,0x00000000ea900000,0x00000000ee000000)
 ParOldGen       total 290816K, used 99545K [0x0000000080000000, 0x0000000091c00000, 0x00000000d5580000)
  object space 290816K, 34% used [0x0000000080000000,0x0000000086136448,0x0000000091c00000)
 Metaspace       used 171834K, capacity 183079K, committed 192496K, reserved 1216512K
  class space    used 22211K, capacity 24136K, committed 25904K, reserved 1048576K
}
Event: 7467.813 GC heap before
{Heap before GC invocations=49 (full 6):
 PSYoungGen      total 389632K, used 387596K [0x00000000d5580000, 0x00000000f4200000, 0x0000000100000000)
  eden space 347648K, 100% used [0x00000000d5580000,0x00000000ea900000,0x00000000ea900000)
  from space 41984K, 95% used [0x00000000ee000000,0x00000000f07031f8,0x00000000f0900000)
  to   space 56320K, 0% used [0x00000000ea900000,0x00000000ea900000,0x00000000ee000000)
 ParOldGen       total 290816K, used 99545K [0x0000000080000000, 0x0000000091c00000, 0x00000000d5580000)
  object space 290816K, 34% used [0x0000000080000000,0x0000000086136448,0x0000000091c00000)
 Metaspace       used 171874K, capacity 183143K, committed 192496K, reserved 1216512K
  class space    used 22211K, capacity 24136K, committed 25904K, reserved 1048576K
Event: 7467.864 GC heap after
Heap after GC invocations=49 (full 6):
 PSYoungGen      total 403968K, used 38464K [0x00000000d5580000, 0x00000000f4400000, 0x0000000100000000)
  eden space 347648K, 0% used [0x00000000d5580000,0x00000000d5580000,0x00000000ea900000)
  from space 56320K, 68% used [0x00000000ea900000,0x00000000ece900c8,0x00000000ee000000)
  to   space 57856K, 0% used [0x00000000f0b80000,0x00000000f0b80000,0x00000000f4400000)
 ParOldGen       total 290816K, used 99545K [0x0000000080000000, 0x0000000091c00000, 0x00000000d5580000)
  object space 290816K, 34% used [0x0000000080000000,0x0000000086136448,0x0000000091c00000)
 Metaspace       used 171874K, capacity 183143K, committed 192496K, reserved 1216512K
  class space    used 22211K, capacity 24136K, committed 25904K, reserved 1048576K
}
Event: 7468.886 GC heap before
{Heap before GC invocations=50 (full 6):
 PSYoungGen      total 403968K, used 386112K [0x00000000d5580000, 0x00000000f4400000, 0x0000000100000000)
  eden space 347648K, 100% used [0x00000000d5580000,0x00000000ea900000,0x00000000ea900000)
  from space 56320K, 68% used [0x00000000ea900000,0x00000000ece900c8,0x00000000ee000000)
  to   space 57856K, 0% used [0x00000000f0b80000,0x00000000f0b80000,0x00000000f4400000)
 ParOldGen       total 290816K, used 99545K [0x0000000080000000, 0x0000000091c00000, 0x00000000d5580000)
  object space 290816K, 34% used [0x0000000080000000,0x0000000086136448,0x0000000091c00000)
 Metaspace       used 171892K, capacity 183147K, committed 192496K, reserved 1216512K
  class space    used 22211K, capacity 24136K, committed 25904K, reserved 1048576K
Event: 7468.954 GC heap after
Heap after GC invocations=50 (full 6):
 PSYoungGen      total 405504K, used 47728K [0x00000000d5580000, 0x00000000f4400000, 0x0000000100000000)
  eden space 347648K, 0% used [0x00000000d5580000,0x00000000d5580000,0x00000000ea900000)
  from space 57856K, 82% used [0x00000000f0b80000,0x00000000f3a1c128,0x00000000f4400000)
  to   space 56320K, 0% used [0x00000000ea900000,0x00000000ea900000,0x00000000ee000000)
 ParOldGen       total 290816K, used 99545K [0x0000000080000000, 0x0000000091c00000, 0x00000000d5580000)
  object space 290816K, 34% used [0x0000000080000000,0x0000000086136448,0x0000000091c00000)
 Metaspace       used 171892K, capacity 183147K, committed 192496K, reserved 1216512K
  class space    used 22211K, capacity 24136K, committed 25904K, reserved 1048576K
}
Event: 7469.979 GC heap before
{Heap before GC invocations=51 (full 6):
 PSYoungGen      total 405504K, used 395376K [0x00000000d5580000, 0x00000000f4400000, 0x0000000100000000)
  eden space 347648K, 100% used [0x00000000d5580000,0x00000000ea900000,0x00000000ea900000)
  from space 57856K, 82% used [0x00000000f0b80000,0x00000000f3a1c128,0x00000000f4400000)
  to   space 56320K, 0% used [0x00000000ea900000,0x00000000ea900000,0x00000000ee000000)
 ParOldGen       total 290816K, used 99545K [0x0000000080000000, 0x0000000091c00000, 0x00000000d5580000)
  object space 290816K, 34% used [0x0000000080000000,0x0000000086136448,0x0000000091c00000)
 Metaspace       used 171914K, capacity 183165K, committed 192496K, reserved 1216512K
  class space    used 22212K, capacity 24137K, committed 25904K, reserved 1048576K
Event: 7470.041 GC heap after
Heap after GC invocations=51 (full 6):
 PSYoungGen      total 403968K, used 39991K [0x00000000d5580000, 0x00000000f4400000, 0x0000000100000000)
  eden space 347648K, 0% used [0x00000000d5580000,0x00000000d5580000,0x00000000ea900000)
  from space 56320K, 71% used [0x00000000ea900000,0x00000000ed00de00,0x00000000ee000000)
  to   space 57856K, 0% used [0x00000000f0b80000,0x00000000f0b80000,0x00000000f4400000)
 ParOldGen       total 290816K, used 99545K [0x0000000080000000, 0x0000000091c00000, 0x00000000d5580000)
  object space 290816K, 34% used [0x0000000080000000,0x0000000086136448,0x0000000091c00000)
 Metaspace       used 171914K, capacity 183165K, committed 192496K, reserved 1216512K
  class space    used 22212K, capacity 24137K, committed 25904K, reserved 1048576K
}

