# JRE version: OpenJDK Runtime Environment (8.0_242-b01) (build 1.8.0_242-release-1644-b01)
# Java VM: OpenJDK 64-Bit Server VM (25.242-b01 mixed mode windows-amd64 compressed oops)
Heap:
 PSYoungGen      total 76800K, used 73495K [0x00000000d5580000, 0x00000000dd380000, 0x0000000100000000)
  eden space 65536K, 100% used [0x00000000d5580000,0x00000000d9580000,0x00000000d9580000)
  from space 11264K, 70% used [0x00000000d9580000,0x00000000d9d45d30,0x00000000da080000)
  to   space 11264K, 35% used [0x00000000dc880000,0x00000000dcc70000,0x00000000dd380000)
 ParOldGen       total 58880K, used 9420K [0x0000000080000000, 0x0000000083980000, 0x00000000d5580000)
  object space 58880K, 16% used [0x0000000080000000,0x00000000809333c0,0x0000000083980000)
 Metaspace       used 32183K, capacity 33186K, committed 33456K, reserved 1077248K
  class space    used 4360K, capacity 4664K, committed 4784K, reserved 1048576K
GC Heap History (10 events):
Event: 3.174 GC heap after
Heap after GC invocations=4 (full 0):
 PSYoungGen      total 38400K, used 5089K [0x00000000d5580000, 0x00000000da080000, 0x0000000100000000)
  eden space 33280K, 0% used [0x00000000d5580000,0x00000000d5580000,0x00000000d7600000)
  from space 5120K, 99% used [0x00000000d7b00000,0x00000000d7ff8708,0x00000000d8000000)
  to   space 5120K, 0% used [0x00000000d7600000,0x00000000d7600000,0x00000000d7b00000)
 ParOldGen       total 87552K, used 3761K [0x0000000080000000, 0x0000000085580000, 0x00000000d5580000)
  object space 87552K, 4% used [0x0000000080000000,0x00000000803ac4e0,0x0000000085580000)
 Metaspace       used 15412K, capacity 15822K, committed 16128K, reserved 1062912K
  class space    used 2056K, capacity 2219K, committed 2304K, reserved 1048576K
}
Event: 3.569 GC heap before
{Heap before GC invocations=5 (full 0):
 PSYoungGen      total 38400K, used 38369K [0x00000000d5580000, 0x00000000da080000, 0x0000000100000000)
  eden space 33280K, 100% used [0x00000000d5580000,0x00000000d7600000,0x00000000d7600000)
  from space 5120K, 99% used [0x00000000d7b00000,0x00000000d7ff8708,0x00000000d8000000)
  to   space 5120K, 0% used [0x00000000d7600000,0x00000000d7600000,0x00000000d7b00000)
 ParOldGen       total 87552K, used 3761K [0x0000000080000000, 0x0000000085580000, 0x00000000d5580000)
  object space 87552K, 4% used [0x0000000080000000,0x00000000803ac4e0,0x0000000085580000)
 Metaspace       used 18148K, capacity 18714K, committed 18816K, reserved 1064960K
  class space    used 2486K, capacity 2667K, committed 2688K, reserved 1048576K
Event: 3.581 GC heap after
Heap after GC invocations=5 (full 0):
 PSYoungGen      total 38400K, used 5104K [0x00000000d5580000, 0x00000000daa80000, 0x0000000100000000)
  eden space 33280K, 0% used [0x00000000d5580000,0x00000000d5580000,0x00000000d7600000)
  from space 5120K, 99% used [0x00000000d7600000,0x00000000d7afc030,0x00000000d7b00000)
  to   space 10240K, 0% used [0x00000000da080000,0x00000000da080000,0x00000000daa80000)
 ParOldGen       total 87552K, used 7028K [0x0000000080000000, 0x0000000085580000, 0x00000000d5580000)
  object space 87552K, 8% used [0x0000000080000000,0x00000000806dd028,0x0000000085580000)
 Metaspace       used 18148K, capacity 18714K, committed 18816K, reserved 1064960K
  class space    used 2486K, capacity 2667K, committed 2688K, reserved 1048576K
}
Event: 4.167 GC heap before
{Heap before GC invocations=6 (full 0):
 PSYoungGen      total 38400K, used 37234K [0x00000000d5580000, 0x00000000daa80000, 0x0000000100000000)
  eden space 33280K, 96% used [0x00000000d5580000,0x00000000d74e08c0,0x00000000d7600000)
  from space 5120K, 99% used [0x00000000d7600000,0x00000000d7afc030,0x00000000d7b00000)
  to   space 10240K, 0% used [0x00000000da080000,0x00000000da080000,0x00000000daa80000)
 ParOldGen       total 87552K, used 7028K [0x0000000080000000, 0x0000000085580000, 0x00000000d5580000)
  object space 87552K, 8% used [0x0000000080000000,0x00000000806dd028,0x0000000085580000)
 Metaspace       used 20509K, capacity 21214K, committed 21296K, reserved 1067008K
  class space    used 2879K, capacity 3093K, committed 3120K, reserved 1048576K
Event: 4.184 GC heap after
Heap after GC invocations=6 (full 0):
 PSYoungGen      total 75776K, used 8810K [0x00000000d5580000, 0x00000000dac80000, 0x0000000100000000)
  eden space 65536K, 0% used [0x00000000d5580000,0x00000000d5580000,0x00000000d9580000)
  from space 10240K, 86% used [0x00000000da080000,0x00000000da91a910,0x00000000daa80000)
  to   space 11264K, 0% used [0x00000000d9580000,0x00000000d9580000,0x00000000da080000)
 ParOldGen       total 87552K, used 7036K [0x0000000080000000, 0x0000000085580000, 0x00000000d5580000)
  object space 87552K, 8% used [0x0000000080000000,0x00000000806df028,0x0000000085580000)
 Metaspace       used 20509K, capacity 21214K, committed 21296K, reserved 1067008K
  class space    used 2879K, capacity 3093K, committed 3120K, reserved 1048576K
}
Event: 4.184 GC heap before
{Heap before GC invocations=7 (full 1):
 PSYoungGen      total 75776K, used 8810K [0x00000000d5580000, 0x00000000dac80000, 0x0000000100000000)
  eden space 65536K, 0% used [0x00000000d5580000,0x00000000d5580000,0x00000000d9580000)
  from space 10240K, 86% used [0x00000000da080000,0x00000000da91a910,0x00000000daa80000)
  to   space 11264K, 0% used [0x00000000d9580000,0x00000000d9580000,0x00000000da080000)
 ParOldGen       total 87552K, used 7036K [0x0000000080000000, 0x0000000085580000, 0x00000000d5580000)
  object space 87552K, 8% used [0x0000000080000000,0x00000000806df028,0x0000000085580000)
 Metaspace       used 20509K, capacity 21214K, committed 21296K, reserved 1067008K
  class space    used 2879K, capacity 3093K, committed 3120K, reserved 1048576K
Event: 4.231 GC heap after
Heap after GC invocations=7 (full 1):
 PSYoungGen      total 75776K, used 0K [0x00000000d5580000, 0x00000000dac80000, 0x0000000100000000)
  eden space 65536K, 0% used [0x00000000d5580000,0x00000000d5580000,0x00000000d9580000)
  from space 10240K, 0% used [0x00000000da080000,0x00000000da080000,0x00000000daa80000)
  to   space 11264K, 0% used [0x00000000d9580000,0x00000000d9580000,0x00000000da080000)
 ParOldGen       total 58880K, used 9412K [0x0000000080000000, 0x0000000083980000, 0x00000000d5580000)
  object space 58880K, 15% used [0x0000000080000000,0x00000000809313c0,0x0000000083980000)
 Metaspace       used 20509K, capacity 21214K, committed 21296K, reserved 1067008K
  class space    used 2879K, capacity 3093K, committed 3120K, reserved 1048576K
}
Event: 4.990 GC heap before
{Heap before GC invocations=8 (full 1):
 PSYoungGen      total 75776K, used 65536K [0x00000000d5580000, 0x00000000dac80000, 0x0000000100000000)
  eden space 65536K, 100% used [0x00000000d5580000,0x00000000d9580000,0x00000000d9580000)
  from space 10240K, 0% used [0x00000000da080000,0x00000000da080000,0x00000000daa80000)
  to   space 11264K, 0% used [0x00000000d9580000,0x00000000d9580000,0x00000000da080000)
 ParOldGen       total 58880K, used 9412K [0x0000000080000000, 0x0000000083980000, 0x00000000d5580000)
  object space 58880K, 15% used [0x0000000080000000,0x00000000809313c0,0x0000000083980000)
 Metaspace       used 28007K, capacity 28736K, committed 28976K, reserved 1075200K
  class space    used 3860K, capacity 4103K, committed 4144K, reserved 1048576K
Event: 4.999 GC heap after
Heap after GC invocations=8 (full 1):
 PSYoungGen      total 76800K, used 7959K [0x00000000d5580000, 0x00000000dd380000, 0x0000000100000000)
  eden space 65536K, 0% used [0x00000000d5580000,0x00000000d5580000,0x00000000d9580000)
  from space 11264K, 70% used [0x00000000d9580000,0x00000000d9d45d30,0x00000000da080000)
  to   space 11264K, 0% used [0x00000000dc880000,0x00000000dc880000,0x00000000dd380000)
 ParOldGen       total 58880K, used 9420K [0x0000000080000000, 0x0000000083980000, 0x00000000d5580000)
  object space 58880K, 16% used [0x0000000080000000,0x00000000809333c0,0x0000000083980000)
 Metaspace       used 28007K, capacity 28736K, committed 28976K, reserved 1075200K
  class space    used 3860K, capacity 4103K, committed 4144K, reserved 1048576K
}
Event: 6.267 GC heap before
{Heap before GC invocations=9 (full 1):
 PSYoungGen      total 76800K, used 73495K [0x00000000d5580000, 0x00000000dd380000, 0x0000000100000000)
  eden space 65536K, 100% used [0x00000000d5580000,0x00000000d9580000,0x00000000d9580000)
  from space 11264K, 70% used [0x00000000d9580000,0x00000000d9d45d30,0x00000000da080000)
  to   space 11264K, 0% used [0x00000000dc880000,0x00000000dc880000,0x00000000dd380000)
 ParOldGen       total 58880K, used 9420K [0x0000000080000000, 0x0000000083980000, 0x00000000d5580000)
  object space 58880K, 16% used [0x0000000080000000,0x00000000809333c0,0x0000000083980000)
 Metaspace       used 32183K, capacity 33186K, committed 33456K, reserved 1077248K
  class space    used 4360K, capacity 4664K, committed 4784K, reserved 1048576K

