# JRE version: OpenJDK Runtime Environment (8.0_242-b01) (build 1.8.0_242-release-1644-b01)
# Java VM: OpenJDK 64-Bit Server VM (25.242-b01 mixed mode windows-amd64 compressed oops)
Heap:
 PSYoungGen      total 391168K, used 33498K [0x00000000d5580000, 0x00000000f7300000, 0x0000000100000000)
  eden space 366080K, 2% used [0x00000000d5580000,0x00000000d5ffa5e0,0x00000000ebb00000)
  from space 25088K, 90% used [0x00000000ebb00000,0x00000000ed13c578,0x00000000ed380000)
  to   space 27648K, 0% used [0x00000000f5800000,0x00000000f5800000,0x00000000f7300000)
 ParOldGen       total 93184K, used 30692K [0x0000000080000000, 0x0000000085b00000, 0x00000000d5580000)
  object space 93184K, 32% used [0x0000000080000000,0x0000000081df92b0,0x0000000085b00000)
 Metaspace       used 69254K, capacity 72120K, committed 72192K, reserved 1112064K
  class space    used 9368K, capacity 9961K, committed 9984K, reserved 1048576K
GC Heap History (10 events):
Event: 7.128 GC heap before
{Heap before GC invocations=10 (full 2):
 PSYoungGen      total 267264K, used 9921K [0x00000000d5580000, 0x00000000e6b00000, 0x0000000100000000)
  eden space 253440K, 0% used [0x00000000d5580000,0x00000000d5580000,0x00000000e4d00000)
  from space 13824K, 71% used [0x00000000e5d80000,0x00000000e6730598,0x00000000e6b00000)
  to   space 15360K, 0% used [0x00000000e4d00000,0x00000000e4d00000,0x00000000e5c00000)
 ParOldGen       total 48640K, used 8565K [0x0000000080000000, 0x0000000082f80000, 0x00000000d5580000)
  object space 48640K, 17% used [0x0000000080000000,0x000000008085d760,0x0000000082f80000)
 Metaspace       used 34448K, capacity 35288K, committed 35416K, reserved 1079296K
  class space    used 4698K, capacity 4911K, committed 4992K, reserved 1048576K
Event: 7.204 GC heap after
Heap after GC invocations=10 (full 2):
 PSYoungGen      total 267264K, used 0K [0x00000000d5580000, 0x00000000e6b00000, 0x0000000100000000)
  eden space 253440K, 0% used [0x00000000d5580000,0x00000000d5580000,0x00000000e4d00000)
  from space 13824K, 0% used [0x00000000e5d80000,0x00000000e5d80000,0x00000000e6b00000)
  to   space 15360K, 0% used [0x00000000e4d00000,0x00000000e4d00000,0x00000000e5c00000)
 ParOldGen       total 65536K, used 16213K [0x0000000080000000, 0x0000000084000000, 0x00000000d5580000)
  object space 65536K, 24% used [0x0000000080000000,0x0000000080fd5450,0x0000000084000000)
 Metaspace       used 34448K, capacity 35288K, committed 35416K, reserved 1079296K
  class space    used 4698K, capacity 4911K, committed 4992K, reserved 1048576K
}
Event: 10.956 GC heap before
{Heap before GC invocations=11 (full 2):
 PSYoungGen      total 267264K, used 253440K [0x00000000d5580000, 0x00000000e6b00000, 0x0000000100000000)
  eden space 253440K, 100% used [0x00000000d5580000,0x00000000e4d00000,0x00000000e4d00000)
  from space 13824K, 0% used [0x00000000e5d80000,0x00000000e5d80000,0x00000000e6b00000)
  to   space 15360K, 0% used [0x00000000e4d00000,0x00000000e4d00000,0x00000000e5c00000)
 ParOldGen       total 65536K, used 16213K [0x0000000080000000, 0x0000000084000000, 0x00000000d5580000)
  object space 65536K, 24% used [0x0000000080000000,0x0000000080fd5450,0x0000000084000000)
 Metaspace       used 55692K, capacity 57578K, committed 57600K, reserved 1099776K
  class space    used 7527K, capacity 7920K, committed 7936K, reserved 1048576K
Event: 10.996 GC heap after
Heap after GC invocations=11 (full 2):
 PSYoungGen      total 268800K, used 15342K [0x00000000d5580000, 0x00000000eea80000, 0x0000000100000000)
  eden space 253440K, 0% used [0x00000000d5580000,0x00000000d5580000,0x00000000e4d00000)
  from space 15360K, 99% used [0x00000000e4d00000,0x00000000e5bfb850,0x00000000e5c00000)
  to   space 23552K, 0% used [0x00000000ed380000,0x00000000ed380000,0x00000000eea80000)
 ParOldGen       total 65536K, used 31405K [0x0000000080000000, 0x0000000084000000, 0x00000000d5580000)
  object space 65536K, 47% used [0x0000000080000000,0x0000000081eab450,0x0000000084000000)
 Metaspace       used 55692K, capacity 57578K, committed 57600K, reserved 1099776K
  class space    used 7527K, capacity 7920K, committed 7936K, reserved 1048576K
}
Event: 11.277 GC heap before
{Heap before GC invocations=12 (full 2):
 PSYoungGen      total 268800K, used 37834K [0x00000000d5580000, 0x00000000eea80000, 0x0000000100000000)
  eden space 253440K, 8% used [0x00000000d5580000,0x00000000d6b76fe8,0x00000000e4d00000)
  from space 15360K, 99% used [0x00000000e4d00000,0x00000000e5bfb850,0x00000000e5c00000)
  to   space 23552K, 0% used [0x00000000ed380000,0x00000000ed380000,0x00000000eea80000)
 ParOldGen       total 65536K, used 31405K [0x0000000080000000, 0x0000000084000000, 0x00000000d5580000)
  object space 65536K, 47% used [0x0000000080000000,0x0000000081eab450,0x0000000084000000)
 Metaspace       used 56979K, capacity 58940K, committed 59028K, reserved 1099776K
  class space    used 7701K, capacity 8139K, committed 8192K, reserved 1048576K
Event: 11.298 GC heap after
Heap after GC invocations=12 (full 2):
 PSYoungGen      total 389632K, used 17312K [0x00000000d5580000, 0x00000000eed80000, 0x0000000100000000)
  eden space 366080K, 0% used [0x00000000d5580000,0x00000000d5580000,0x00000000ebb00000)
  from space 23552K, 73% used [0x00000000ed380000,0x00000000ee4681e0,0x00000000eea80000)
  to   space 25088K, 0% used [0x00000000ebb00000,0x00000000ebb00000,0x00000000ed380000)
 ParOldGen       total 65536K, used 31413K [0x0000000080000000, 0x0000000084000000, 0x00000000d5580000)
  object space 65536K, 47% used [0x0000000080000000,0x0000000081ead450,0x0000000084000000)
 Metaspace       used 56979K, capacity 58940K, committed 59028K, reserved 1099776K
  class space    used 7701K, capacity 8139K, committed 8192K, reserved 1048576K
}
Event: 11.298 GC heap before
{Heap before GC invocations=13 (full 3):
 PSYoungGen      total 389632K, used 17312K [0x00000000d5580000, 0x00000000eed80000, 0x0000000100000000)
  eden space 366080K, 0% used [0x00000000d5580000,0x00000000d5580000,0x00000000ebb00000)
  from space 23552K, 73% used [0x00000000ed380000,0x00000000ee4681e0,0x00000000eea80000)
  to   space 25088K, 0% used [0x00000000ebb00000,0x00000000ebb00000,0x00000000ed380000)
 ParOldGen       total 65536K, used 31413K [0x0000000080000000, 0x0000000084000000, 0x00000000d5580000)
  object space 65536K, 47% used [0x0000000080000000,0x0000000081ead450,0x0000000084000000)
 Metaspace       used 56979K, capacity 58940K, committed 59028K, reserved 1099776K
  class space    used 7701K, capacity 8139K, committed 8192K, reserved 1048576K
Event: 11.540 GC heap after
Heap after GC invocations=13 (full 3):
 PSYoungGen      total 389632K, used 0K [0x00000000d5580000, 0x00000000eed80000, 0x0000000100000000)
  eden space 366080K, 0% used [0x00000000d5580000,0x00000000d5580000,0x00000000ebb00000)
  from space 23552K, 0% used [0x00000000ed380000,0x00000000ed380000,0x00000000eea80000)
  to   space 25088K, 0% used [0x00000000ebb00000,0x00000000ebb00000,0x00000000ed380000)
 ParOldGen       total 93184K, used 30684K [0x0000000080000000, 0x0000000085b00000, 0x00000000d5580000)
  object space 93184K, 32% used [0x0000000080000000,0x0000000081df72b0,0x0000000085b00000)
 Metaspace       used 56968K, capacity 58904K, committed 59028K, reserved 1099776K
  class space    used 7698K, capacity 8133K, committed 8192K, reserved 1048576K
}
Event: 17.024 GC heap before
{Heap before GC invocations=14 (full 3):
 PSYoungGen      total 389632K, used 366080K [0x00000000d5580000, 0x00000000eed80000, 0x0000000100000000)
  eden space 366080K, 100% used [0x00000000d5580000,0x00000000ebb00000,0x00000000ebb00000)
  from space 23552K, 0% used [0x00000000ed380000,0x00000000ed380000,0x00000000eea80000)
  to   space 25088K, 0% used [0x00000000ebb00000,0x00000000ebb00000,0x00000000ed380000)
 ParOldGen       total 93184K, used 30684K [0x0000000080000000, 0x0000000085b00000, 0x00000000d5580000)
  object space 93184K, 32% used [0x0000000080000000,0x0000000081df72b0,0x0000000085b00000)
 Metaspace       used 69027K, capacity 71836K, committed 71936K, reserved 1112064K
  class space    used 9342K, capacity 9907K, committed 9984K, reserved 1048576K
Event: 17.052 GC heap after
Heap after GC invocations=14 (full 3):
 PSYoungGen      total 391168K, used 22769K [0x00000000d5580000, 0x00000000f7300000, 0x0000000100000000)
  eden space 366080K, 0% used [0x00000000d5580000,0x00000000d5580000,0x00000000ebb00000)
  from space 25088K, 90% used [0x00000000ebb00000,0x00000000ed13c578,0x00000000ed380000)
  to   space 27648K, 0% used [0x00000000f5800000,0x00000000f5800000,0x00000000f7300000)
 ParOldGen       total 93184K, used 30692K [0x0000000080000000, 0x0000000085b00000, 0x00000000d5580000)
  object space 93184K, 32% used [0x0000000080000000,0x0000000081df92b0,0x0000000085b00000)
 Metaspace       used 69027K, capacity 71836K, committed 71936K, reserved 1112064K
  class space    used 9342K, capacity 9907K, committed 9984K, reserved 1048576K
}

