# JRE version: OpenJDK Runtime Environment (8.0_242-b01) (build 1.8.0_242-release-1644-b01)
# Java VM: OpenJDK 64-Bit Server VM (25.242-b01 mixed mode windows-amd64 compressed oops)
Heap:
 PSYoungGen      total 533504K, used 231332K [0x00000000d5580000, 0x00000000f9000000, 0x0000000100000000)
  eden space 507392K, 40% used [0x00000000d5580000,0x00000000e1dee2f8,0x00000000f4500000)
  from space 26112K, 99% used [0x00000000f6500000,0x00000000f7e7af90,0x00000000f7e80000)
  to   space 32768K, 0% used [0x00000000f4500000,0x00000000f4500000,0x00000000f6500000)
 ParOldGen       total 117248K, used 38759K [0x0000000080000000, 0x0000000087280000, 0x00000000d5580000)
  object space 117248K, 33% used [0x0000000080000000,0x00000000825d9e18,0x0000000087280000)
 Metaspace       used 81029K, capacity 84564K, committed 84760K, reserved 1122304K
  class space    used 10793K, capacity 11502K, committed 11568K, reserved 1048576K
GC Heap History (10 events):
Event: 5.681 GC heap before
{Heap before GC invocations=9 (full 2):
 PSYoungGen      total 276480K, used 9275K [0x00000000d5580000, 0x00000000f1780000, 0x0000000100000000)
  eden space 260096K, 0% used [0x00000000d5580000,0x00000000d5580000,0x00000000e5380000)
  from space 16384K, 56% used [0x00000000e5380000,0x00000000e5c8ef70,0x00000000e6380000)
  to   space 15872K, 0% used [0x00000000f0800000,0x00000000f0800000,0x00000000f1780000)
 ParOldGen       total 58880K, used 12223K [0x0000000080000000, 0x0000000083980000, 0x00000000d5580000)
  object space 58880K, 20% used [0x0000000080000000,0x0000000080befea0,0x0000000083980000)
 Metaspace       used 34456K, capacity 35338K, committed 35496K, reserved 1079296K
  class space    used 4718K, capacity 4934K, committed 5040K, reserved 1048576K
Event: 5.800 GC heap after
Heap after GC invocations=9 (full 2):
 PSYoungGen      total 276480K, used 0K [0x00000000d5580000, 0x00000000f1780000, 0x0000000100000000)
  eden space 260096K, 0% used [0x00000000d5580000,0x00000000d5580000,0x00000000e5380000)
  from space 16384K, 0% used [0x00000000e5380000,0x00000000e5380000,0x00000000e6380000)
  to   space 15872K, 0% used [0x00000000f0800000,0x00000000f0800000,0x00000000f1780000)
 ParOldGen       total 80384K, used 15895K [0x0000000080000000, 0x0000000084e80000, 0x00000000d5580000)
  object space 80384K, 19% used [0x0000000080000000,0x0000000080f85d28,0x0000000084e80000)
 Metaspace       used 34456K, capacity 35338K, committed 35496K, reserved 1079296K
  class space    used 4718K, capacity 4934K, committed 5040K, reserved 1048576K
}
Event: 9.559 GC heap before
{Heap before GC invocations=10 (full 2):
 PSYoungGen      total 276480K, used 260096K [0x00000000d5580000, 0x00000000f1780000, 0x0000000100000000)
  eden space 260096K, 100% used [0x00000000d5580000,0x00000000e5380000,0x00000000e5380000)
  from space 16384K, 0% used [0x00000000e5380000,0x00000000e5380000,0x00000000e6380000)
  to   space 15872K, 0% used [0x00000000f0800000,0x00000000f0800000,0x00000000f1780000)
 ParOldGen       total 80384K, used 15895K [0x0000000080000000, 0x0000000084e80000, 0x00000000d5580000)
  object space 80384K, 19% used [0x0000000080000000,0x0000000080f85d28,0x0000000084e80000)
 Metaspace       used 55760K, capacity 57746K, committed 57904K, reserved 1099776K
  class space    used 7540K, capacity 7970K, committed 7984K, reserved 1048576K
Event: 9.592 GC heap after
Heap after GC invocations=10 (full 2):
 PSYoungGen      total 403456K, used 15852K [0x00000000d5580000, 0x00000000f1780000, 0x0000000100000000)
  eden space 387584K, 0% used [0x00000000d5580000,0x00000000d5580000,0x00000000ed000000)
  from space 15872K, 99% used [0x00000000f0800000,0x00000000f177b330,0x00000000f1780000)
  to   space 24576K, 0% used [0x00000000ee780000,0x00000000ee780000,0x00000000eff80000)
 ParOldGen       total 80384K, used 30900K [0x0000000080000000, 0x0000000084e80000, 0x00000000d5580000)
  object space 80384K, 38% used [0x0000000080000000,0x0000000081e2d0a0,0x0000000084e80000)
 Metaspace       used 55760K, capacity 57746K, committed 57904K, reserved 1099776K
  class space    used 7540K, capacity 7970K, committed 7984K, reserved 1048576K
}
Event: 9.899 GC heap before
{Heap before GC invocations=11 (full 2):
 PSYoungGen      total 403456K, used 36604K [0x00000000d5580000, 0x00000000f1780000, 0x0000000100000000)
  eden space 387584K, 5% used [0x00000000d5580000,0x00000000d69c3d20,0x00000000ed000000)
  from space 15872K, 99% used [0x00000000f0800000,0x00000000f177b330,0x00000000f1780000)
  to   space 24576K, 0% used [0x00000000ee780000,0x00000000ee780000,0x00000000eff80000)
 ParOldGen       total 80384K, used 30900K [0x0000000080000000, 0x0000000084e80000, 0x00000000d5580000)
  object space 80384K, 38% used [0x0000000080000000,0x0000000081e2d0a0,0x0000000084e80000)
 Metaspace       used 57024K, capacity 59060K, committed 59160K, reserved 1099776K
  class space    used 7701K, capacity 8161K, committed 8240K, reserved 1048576K
Event: 9.921 GC heap after
Heap after GC invocations=11 (full 2):
 PSYoungGen      total 436224K, used 17569K [0x00000000d5580000, 0x00000000f7e80000, 0x0000000100000000)
  eden space 411648K, 0% used [0x00000000d5580000,0x00000000d5580000,0x00000000ee780000)
  from space 24576K, 71% used [0x00000000ee780000,0x00000000ef8a8700,0x00000000eff80000)
  to   space 26112K, 0% used [0x00000000f6500000,0x00000000f6500000,0x00000000f7e80000)
 ParOldGen       total 80384K, used 30908K [0x0000000080000000, 0x0000000084e80000, 0x00000000d5580000)
  object space 80384K, 38% used [0x0000000080000000,0x0000000081e2f0a0,0x0000000084e80000)
 Metaspace       used 57024K, capacity 59060K, committed 59160K, reserved 1099776K
  class space    used 7701K, capacity 8161K, committed 8240K, reserved 1048576K
}
Event: 9.921 GC heap before
{Heap before GC invocations=12 (full 3):
 PSYoungGen      total 436224K, used 17569K [0x00000000d5580000, 0x00000000f7e80000, 0x0000000100000000)
  eden space 411648K, 0% used [0x00000000d5580000,0x00000000d5580000,0x00000000ee780000)
  from space 24576K, 71% used [0x00000000ee780000,0x00000000ef8a8700,0x00000000eff80000)
  to   space 26112K, 0% used [0x00000000f6500000,0x00000000f6500000,0x00000000f7e80000)
 ParOldGen       total 80384K, used 30908K [0x0000000080000000, 0x0000000084e80000, 0x00000000d5580000)
  object space 80384K, 38% used [0x0000000080000000,0x0000000081e2f0a0,0x0000000084e80000)
 Metaspace       used 57024K, capacity 59060K, committed 59160K, reserved 1099776K
  class space    used 7701K, capacity 8161K, committed 8240K, reserved 1048576K
Event: 10.162 GC heap after
Heap after GC invocations=12 (full 3):
 PSYoungGen      total 436224K, used 0K [0x00000000d5580000, 0x00000000f7e80000, 0x0000000100000000)
  eden space 411648K, 0% used [0x00000000d5580000,0x00000000d5580000,0x00000000ee780000)
  from space 24576K, 0% used [0x00000000ee780000,0x00000000ee780000,0x00000000eff80000)
  to   space 26112K, 0% used [0x00000000f6500000,0x00000000f6500000,0x00000000f7e80000)
 ParOldGen       total 117248K, used 30425K [0x0000000080000000, 0x0000000087280000, 0x00000000d5580000)
  object space 117248K, 25% used [0x0000000080000000,0x0000000081db6610,0x0000000087280000)
 Metaspace       used 57018K, capacity 59042K, committed 59160K, reserved 1099776K
  class space    used 7699K, capacity 8158K, committed 8240K, reserved 1048576K
}
Event: 62.030 GC heap before
{Heap before GC invocations=13 (full 3):
 PSYoungGen      total 436224K, used 411648K [0x00000000d5580000, 0x00000000f7e80000, 0x0000000100000000)
  eden space 411648K, 100% used [0x00000000d5580000,0x00000000ee780000,0x00000000ee780000)
  from space 24576K, 0% used [0x00000000ee780000,0x00000000ee780000,0x00000000eff80000)
  to   space 26112K, 0% used [0x00000000f6500000,0x00000000f6500000,0x00000000f7e80000)
 ParOldGen       total 117248K, used 30425K [0x0000000080000000, 0x0000000087280000, 0x00000000d5580000)
  object space 117248K, 25% used [0x0000000080000000,0x0000000081db6610,0x0000000087280000)
 Metaspace       used 76543K, capacity 79958K, committed 80280K, reserved 1118208K
  class space    used 10466K, capacity 11129K, committed 11184K, reserved 1048576K
Event: 62.102 GC heap after
Heap after GC invocations=13 (full 3):
 PSYoungGen      total 533504K, used 26091K [0x00000000d5580000, 0x00000000f9000000, 0x0000000100000000)
  eden space 507392K, 0% used [0x00000000d5580000,0x00000000d5580000,0x00000000f4500000)
  from space 26112K, 99% used [0x00000000f6500000,0x00000000f7e7af90,0x00000000f7e80000)
  to   space 32768K, 0% used [0x00000000f4500000,0x00000000f4500000,0x00000000f6500000)
 ParOldGen       total 117248K, used 38759K [0x0000000080000000, 0x0000000087280000, 0x00000000d5580000)
  object space 117248K, 33% used [0x0000000080000000,0x00000000825d9e18,0x0000000087280000)
 Metaspace       used 76543K, capacity 79958K, committed 80280K, reserved 1118208K
  class space    used 10466K, capacity 11129K, committed 11184K, reserved 1048576K
}

