# JRE version: OpenJDK Runtime Environment (8.0_242-b01) (build 1.8.0_242-release-1644-b01)
# Java VM: OpenJDK 64-Bit Server VM (25.242-b01 mixed mode windows-amd64 compressed oops)
Heap:
 PSYoungGen      total 389632K, used 20079K [0x00000000d5580000, 0x00000000eec00000, 0x0000000100000000)
  eden space 366080K, 5% used [0x00000000d5580000,0x00000000d691be28,0x00000000ebb00000)
  from space 23552K, 0% used [0x00000000ed300000,0x00000000ed300000,0x00000000eea00000)
  to   space 24576K, 0% used [0x00000000ebb00000,0x00000000ebb00000,0x00000000ed300000)
 ParOldGen       total 107008K, used 45020K [0x0000000080000000, 0x0000000086880000, 0x00000000d5580000)
  object space 107008K, 42% used [0x0000000080000000,0x0000000082bf7368,0x0000000086880000)
 Metaspace       used 58060K, capacity 59986K, committed 60120K, reserved 1101824K
  class space    used 7902K, capacity 8348K, committed 8448K, reserved 1048576K
GC Heap History (10 events):
Event: 6.840 GC heap before
{Heap before GC invocations=9 (full 1):
 PSYoungGen      total 144896K, used 64517K [0x00000000d5580000, 0x00000000e6980000, 0x0000000100000000)
  eden space 133120K, 39% used [0x00000000d5580000,0x00000000d89023c8,0x00000000dd780000)
  from space 11776K, 99% used [0x00000000dd780000,0x00000000de2ff2a0,0x00000000de300000)
  to   space 14848K, 0% used [0x00000000e5b00000,0x00000000e5b00000,0x00000000e6980000)
 ParOldGen       total 49152K, used 8432K [0x0000000080000000, 0x0000000083000000, 0x00000000d5580000)
  object space 49152K, 17% used [0x0000000080000000,0x000000008083c070,0x0000000083000000)
 Metaspace       used 34445K, capacity 35308K, committed 35416K, reserved 1079296K
  class space    used 4697K, capacity 4911K, committed 4992K, reserved 1048576K
Event: 6.852 GC heap after
Heap after GC invocations=9 (full 1):
 PSYoungGen      total 261632K, used 9957K [0x00000000d5580000, 0x00000000e6680000, 0x0000000100000000)
  eden space 249856K, 0% used [0x00000000d5580000,0x00000000d5580000,0x00000000e4980000)
  from space 11776K, 84% used [0x00000000e5b00000,0x00000000e64b9440,0x00000000e6680000)
  to   space 14848K, 0% used [0x00000000e4980000,0x00000000e4980000,0x00000000e5800000)
 ParOldGen       total 49152K, used 8440K [0x0000000080000000, 0x0000000083000000, 0x00000000d5580000)
  object space 49152K, 17% used [0x0000000080000000,0x000000008083e070,0x0000000083000000)
 Metaspace       used 34445K, capacity 35308K, committed 35416K, reserved 1079296K
  class space    used 4697K, capacity 4911K, committed 4992K, reserved 1048576K
}
Event: 6.852 GC heap before
{Heap before GC invocations=10 (full 2):
 PSYoungGen      total 261632K, used 9957K [0x00000000d5580000, 0x00000000e6680000, 0x0000000100000000)
  eden space 249856K, 0% used [0x00000000d5580000,0x00000000d5580000,0x00000000e4980000)
  from space 11776K, 84% used [0x00000000e5b00000,0x00000000e64b9440,0x00000000e6680000)
  to   space 14848K, 0% used [0x00000000e4980000,0x00000000e4980000,0x00000000e5800000)
 ParOldGen       total 49152K, used 8440K [0x0000000080000000, 0x0000000083000000, 0x00000000d5580000)
  object space 49152K, 17% used [0x0000000080000000,0x000000008083e070,0x0000000083000000)
 Metaspace       used 34445K, capacity 35308K, committed 35416K, reserved 1079296K
  class space    used 4697K, capacity 4911K, committed 4992K, reserved 1048576K
Event: 6.916 GC heap after
Heap after GC invocations=10 (full 2):
 PSYoungGen      total 261632K, used 0K [0x00000000d5580000, 0x00000000e6680000, 0x0000000100000000)
  eden space 249856K, 0% used [0x00000000d5580000,0x00000000d5580000,0x00000000e4980000)
  from space 11776K, 0% used [0x00000000e5b00000,0x00000000e5b00000,0x00000000e6680000)
  to   space 14848K, 0% used [0x00000000e4980000,0x00000000e4980000,0x00000000e5800000)
 ParOldGen       total 65024K, used 16236K [0x0000000080000000, 0x0000000083f80000, 0x00000000d5580000)
  object space 65024K, 24% used [0x0000000080000000,0x0000000080fdb2a8,0x0000000083f80000)
 Metaspace       used 34445K, capacity 35308K, committed 35416K, reserved 1079296K
  class space    used 4697K, capacity 4911K, committed 4992K, reserved 1048576K
}
Event: 11.011 GC heap before
{Heap before GC invocations=11 (full 2):
 PSYoungGen      total 261632K, used 249856K [0x00000000d5580000, 0x00000000e6680000, 0x0000000100000000)
  eden space 249856K, 100% used [0x00000000d5580000,0x00000000e4980000,0x00000000e4980000)
  from space 11776K, 0% used [0x00000000e5b00000,0x00000000e5b00000,0x00000000e6680000)
  to   space 14848K, 0% used [0x00000000e4980000,0x00000000e4980000,0x00000000e5800000)
 ParOldGen       total 65024K, used 16236K [0x0000000080000000, 0x0000000083f80000, 0x00000000d5580000)
  object space 65024K, 24% used [0x0000000080000000,0x0000000080fdb2a8,0x0000000083f80000)
 Metaspace       used 55392K, capacity 57254K, committed 57304K, reserved 1099776K
  class space    used 7487K, capacity 7900K, committed 7936K, reserved 1048576K
Event: 11.050 GC heap after
Heap after GC invocations=11 (full 2):
 PSYoungGen      total 264704K, used 14844K [0x00000000d5580000, 0x00000000eea00000, 0x0000000100000000)
  eden space 249856K, 0% used [0x00000000d5580000,0x00000000d5580000,0x00000000e4980000)
  from space 14848K, 99% used [0x00000000e4980000,0x00000000e57ff330,0x00000000e5800000)
  to   space 23552K, 0% used [0x00000000ed300000,0x00000000ed300000,0x00000000eea00000)
 ParOldGen       total 65024K, used 31450K [0x0000000080000000, 0x0000000083f80000, 0x00000000d5580000)
  object space 65024K, 48% used [0x0000000080000000,0x0000000081eb6860,0x0000000083f80000)
 Metaspace       used 55392K, capacity 57254K, committed 57304K, reserved 1099776K
  class space    used 7487K, capacity 7900K, committed 7936K, reserved 1048576K
}
Event: 11.422 GC heap before
{Heap before GC invocations=12 (full 2):
 PSYoungGen      total 264704K, used 43086K [0x00000000d5580000, 0x00000000eea00000, 0x0000000100000000)
  eden space 249856K, 11% used [0x00000000d5580000,0x00000000d71147a8,0x00000000e4980000)
  from space 14848K, 99% used [0x00000000e4980000,0x00000000e57ff330,0x00000000e5800000)
  to   space 23552K, 0% used [0x00000000ed300000,0x00000000ed300000,0x00000000eea00000)
 ParOldGen       total 65024K, used 31450K [0x0000000080000000, 0x0000000083f80000, 0x00000000d5580000)
  object space 65024K, 48% used [0x0000000080000000,0x0000000081eb6860,0x0000000083f80000)
 Metaspace       used 57119K, capacity 58992K, committed 59028K, reserved 1099776K
  class space    used 7720K, capacity 8161K, committed 8192K, reserved 1048576K
Event: 11.446 GC heap after
Heap after GC invocations=12 (full 2):
 PSYoungGen      total 389632K, used 17569K [0x00000000d5580000, 0x00000000eec00000, 0x0000000100000000)
  eden space 366080K, 0% used [0x00000000d5580000,0x00000000d5580000,0x00000000ebb00000)
  from space 23552K, 74% used [0x00000000ed300000,0x00000000ee428700,0x00000000eea00000)
  to   space 24576K, 0% used [0x00000000ebb00000,0x00000000ebb00000,0x00000000ed300000)
 ParOldGen       total 65024K, used 31522K [0x0000000080000000, 0x0000000083f80000, 0x00000000d5580000)
  object space 65024K, 48% used [0x0000000080000000,0x0000000081ec8870,0x0000000083f80000)
 Metaspace       used 57119K, capacity 58992K, committed 59028K, reserved 1099776K
  class space    used 7720K, capacity 8161K, committed 8192K, reserved 1048576K
}
Event: 11.446 GC heap before
{Heap before GC invocations=13 (full 3):
 PSYoungGen      total 389632K, used 17569K [0x00000000d5580000, 0x00000000eec00000, 0x0000000100000000)
  eden space 366080K, 0% used [0x00000000d5580000,0x00000000d5580000,0x00000000ebb00000)
  from space 23552K, 74% used [0x00000000ed300000,0x00000000ee428700,0x00000000eea00000)
  to   space 24576K, 0% used [0x00000000ebb00000,0x00000000ebb00000,0x00000000ed300000)
 ParOldGen       total 65024K, used 31522K [0x0000000080000000, 0x0000000083f80000, 0x00000000d5580000)
  object space 65024K, 48% used [0x0000000080000000,0x0000000081ec8870,0x0000000083f80000)
 Metaspace       used 57119K, capacity 58992K, committed 59028K, reserved 1099776K
  class space    used 7720K, capacity 8161K, committed 8192K, reserved 1048576K
Event: 11.708 GC heap after
Heap after GC invocations=13 (full 3):
 PSYoungGen      total 389632K, used 0K [0x00000000d5580000, 0x00000000eec00000, 0x0000000100000000)
  eden space 366080K, 0% used [0x00000000d5580000,0x00000000d5580000,0x00000000ebb00000)
  from space 23552K, 0% used [0x00000000ed300000,0x00000000ed300000,0x00000000eea00000)
  to   space 24576K, 0% used [0x00000000ebb00000,0x00000000ebb00000,0x00000000ed300000)
 ParOldGen       total 107008K, used 45020K [0x0000000080000000, 0x0000000086880000, 0x00000000d5580000)
  object space 107008K, 42% used [0x0000000080000000,0x0000000082bf7368,0x0000000086880000)
 Metaspace       used 57110K, capacity 58962K, committed 59028K, reserved 1099776K
  class space    used 7717K, capacity 8156K, committed 8192K, reserved 1048576K
}

