# JRE version: OpenJDK Runtime Environment (8.0_242-b01) (build 1.8.0_242-release-1644-b01)
# Java VM: OpenJDK 64-Bit Server VM (25.242-b01 mixed mode windows-amd64 compressed oops)
Heap:
 PSYoungGen      total 301056K, used 23077K [0x00000000d5580000, 0x00000000ea300000, 0x0000000100000000)
  eden space 272384K, 8% used [0x00000000d5580000,0x00000000d6c09708,0x00000000e5f80000)
  from space 28672K, 0% used [0x00000000e7a00000,0x00000000e7a00000,0x00000000e9600000)
  to   space 27136K, 0% used [0x00000000e5f80000,0x00000000e5f80000,0x00000000e7a00000)
 ParOldGen       total 181760K, used 55541K [0x0000000080000000, 0x000000008b180000, 0x00000000d5580000)
  object space 181760K, 30% used [0x0000000080000000,0x000000008363d788,0x000000008b180000)
 Metaspace       used 93910K, capacity 97960K, committed 98856K, reserved 1134592K
  class space    used 12549K, capacity 13335K, committed 13488K, reserved 1048576K
GC Heap History (10 events):
Event: 12.773 GC heap before
{Heap before GC invocations=16 (full 3):
 PSYoungGen      total 206848K, used 187904K [0x00000000d5580000, 0x00000000e3d80000, 0x0000000100000000)
  eden space 187904K, 100% used [0x00000000d5580000,0x00000000e0d00000,0x00000000e0d00000)
  from space 18944K, 0% used [0x00000000e1f80000,0x00000000e1f80000,0x00000000e3200000)
  to   space 18944K, 0% used [0x00000000e0d00000,0x00000000e0d00000,0x00000000e1f80000)
 ParOldGen       total 124928K, used 31259K [0x0000000080000000, 0x0000000087a00000, 0x00000000d5580000)
  object space 124928K, 25% used [0x0000000080000000,0x0000000081e86c08,0x0000000087a00000)
 Metaspace       used 65114K, capacity 67920K, committed 68120K, reserved 1107968K
  class space    used 8905K, capacity 9473K, committed 9520K, reserved 1048576K
Event: 12.795 GC heap after
Heap after GC invocations=16 (full 3):
 PSYoungGen      total 206848K, used 16654K [0x00000000d5580000, 0x00000000e6580000, 0x0000000100000000)
  eden space 187904K, 0% used [0x00000000d5580000,0x00000000d5580000,0x00000000e0d00000)
  from space 18944K, 87% used [0x00000000e0d00000,0x00000000e1d43890,0x00000000e1f80000)
  to   space 20992K, 0% used [0x00000000e5100000,0x00000000e5100000,0x00000000e6580000)
 ParOldGen       total 124928K, used 31267K [0x0000000080000000, 0x0000000087a00000, 0x00000000d5580000)
  object space 124928K, 25% used [0x0000000080000000,0x0000000081e88c08,0x0000000087a00000)
 Metaspace       used 65114K, capacity 67920K, committed 68120K, reserved 1107968K
  class space    used 8905K, capacity 9473K, committed 9520K, reserved 1048576K
}
Event: 32.926 GC heap before
{Heap before GC invocations=17 (full 3):
 PSYoungGen      total 206848K, used 204558K [0x00000000d5580000, 0x00000000e6580000, 0x0000000100000000)
  eden space 187904K, 100% used [0x00000000d5580000,0x00000000e0d00000,0x00000000e0d00000)
  from space 18944K, 87% used [0x00000000e0d00000,0x00000000e1d43890,0x00000000e1f80000)
  to   space 20992K, 0% used [0x00000000e5100000,0x00000000e5100000,0x00000000e6580000)
 ParOldGen       total 124928K, used 31267K [0x0000000080000000, 0x0000000087a00000, 0x00000000d5580000)
  object space 124928K, 25% used [0x0000000080000000,0x0000000081e88c08,0x0000000087a00000)
 Metaspace       used 77865K, capacity 81102K, committed 81304K, reserved 1120256K
  class space    used 10556K, capacity 11178K, committed 11184K, reserved 1048576K
Event: 32.972 GC heap after
Heap after GC invocations=17 (full 3):
 PSYoungGen      total 250368K, used 20973K [0x00000000d5580000, 0x00000000e6b80000, 0x0000000100000000)
  eden space 229376K, 0% used [0x00000000d5580000,0x00000000d5580000,0x00000000e3580000)
  from space 20992K, 99% used [0x00000000e5100000,0x00000000e657b6a0,0x00000000e6580000)
  to   space 27648K, 0% used [0x00000000e3580000,0x00000000e3580000,0x00000000e5080000)
 ParOldGen       total 124928K, used 41383K [0x0000000080000000, 0x0000000087a00000, 0x00000000d5580000)
  object space 124928K, 33% used [0x0000000080000000,0x0000000082869e88,0x0000000087a00000)
 Metaspace       used 77865K, capacity 81102K, committed 81304K, reserved 1120256K
  class space    used 10556K, capacity 11178K, committed 11184K, reserved 1048576K
}
Event: 1268.877 GC heap before
{Heap before GC invocations=18 (full 3):
 PSYoungGen      total 250368K, used 250349K [0x00000000d5580000, 0x00000000e6b80000, 0x0000000100000000)
  eden space 229376K, 100% used [0x00000000d5580000,0x00000000e3580000,0x00000000e3580000)
  from space 20992K, 99% used [0x00000000e5100000,0x00000000e657b6a0,0x00000000e6580000)
  to   space 27648K, 0% used [0x00000000e3580000,0x00000000e3580000,0x00000000e5080000)
 ParOldGen       total 124928K, used 41383K [0x0000000080000000, 0x0000000087a00000, 0x00000000d5580000)
  object space 124928K, 33% used [0x0000000080000000,0x0000000082869e88,0x0000000087a00000)
 Metaspace       used 93878K, capacity 98308K, committed 98456K, reserved 1134592K
  class space    used 12628K, capacity 13473K, committed 13488K, reserved 1048576K
Event: 1268.947 GC heap after
Heap after GC invocations=18 (full 3):
 PSYoungGen      total 257024K, used 18479K [0x00000000d5580000, 0x00000000e9600000, 0x0000000100000000)
  eden space 229376K, 0% used [0x00000000d5580000,0x00000000d5580000,0x00000000e3580000)
  from space 27648K, 66% used [0x00000000e3580000,0x00000000e478bda0,0x00000000e5080000)
  to   space 28672K, 0% used [0x00000000e7a00000,0x00000000e7a00000,0x00000000e9600000)
 ParOldGen       total 124928K, used 60342K [0x0000000080000000, 0x0000000087a00000, 0x00000000d5580000)
  object space 124928K, 48% used [0x0000000080000000,0x0000000083aed9e0,0x0000000087a00000)
 Metaspace       used 93878K, capacity 98308K, committed 98456K, reserved 1134592K
  class space    used 12628K, capacity 13473K, committed 13488K, reserved 1048576K
}
Event: 1269.450 GC heap before
{Heap before GC invocations=19 (full 3):
 PSYoungGen      total 257024K, used 55960K [0x00000000d5580000, 0x00000000e9600000, 0x0000000100000000)
  eden space 229376K, 16% used [0x00000000d5580000,0x00000000d7a1a390,0x00000000e3580000)
  from space 27648K, 66% used [0x00000000e3580000,0x00000000e478bda0,0x00000000e5080000)
  to   space 28672K, 0% used [0x00000000e7a00000,0x00000000e7a00000,0x00000000e9600000)
 ParOldGen       total 124928K, used 60342K [0x0000000080000000, 0x0000000087a00000, 0x00000000d5580000)
  object space 124928K, 48% used [0x0000000080000000,0x0000000083aed9e0,0x0000000087a00000)
 Metaspace       used 94104K, capacity 98552K, committed 98600K, reserved 1134592K
  class space    used 12631K, capacity 13479K, committed 13488K, reserved 1048576K
Event: 1269.478 GC heap after
Heap after GC invocations=19 (full 3):
 PSYoungGen      total 301056K, used 11064K [0x00000000d5580000, 0x00000000ea300000, 0x0000000100000000)
  eden space 272384K, 0% used [0x00000000d5580000,0x00000000d5580000,0x00000000e5f80000)
  from space 28672K, 38% used [0x00000000e7a00000,0x00000000e84ce070,0x00000000e9600000)
  to   space 27136K, 0% used [0x00000000e5f80000,0x00000000e5f80000,0x00000000e7a00000)
 ParOldGen       total 124928K, used 60350K [0x0000000080000000, 0x0000000087a00000, 0x00000000d5580000)
  object space 124928K, 48% used [0x0000000080000000,0x0000000083aef9e0,0x0000000087a00000)
 Metaspace       used 94104K, capacity 98552K, committed 98600K, reserved 1134592K
  class space    used 12631K, capacity 13479K, committed 13488K, reserved 1048576K
}
Event: 1269.478 GC heap before
{Heap before GC invocations=20 (full 4):
 PSYoungGen      total 301056K, used 11064K [0x00000000d5580000, 0x00000000ea300000, 0x0000000100000000)
  eden space 272384K, 0% used [0x00000000d5580000,0x00000000d5580000,0x00000000e5f80000)
  from space 28672K, 38% used [0x00000000e7a00000,0x00000000e84ce070,0x00000000e9600000)
  to   space 27136K, 0% used [0x00000000e5f80000,0x00000000e5f80000,0x00000000e7a00000)
 ParOldGen       total 124928K, used 60350K [0x0000000080000000, 0x0000000087a00000, 0x00000000d5580000)
  object space 124928K, 48% used [0x0000000080000000,0x0000000083aef9e0,0x0000000087a00000)
 Metaspace       used 94104K, capacity 98552K, committed 98600K, reserved 1134592K
  class space    used 12631K, capacity 13479K, committed 13488K, reserved 1048576K
Event: 1269.792 GC heap after
Heap after GC invocations=20 (full 4):
 PSYoungGen      total 301056K, used 0K [0x00000000d5580000, 0x00000000ea300000, 0x0000000100000000)
  eden space 272384K, 0% used [0x00000000d5580000,0x00000000d5580000,0x00000000e5f80000)
  from space 28672K, 0% used [0x00000000e7a00000,0x00000000e7a00000,0x00000000e9600000)
  to   space 27136K, 0% used [0x00000000e5f80000,0x00000000e5f80000,0x00000000e7a00000)
 ParOldGen       total 181760K, used 55541K [0x0000000080000000, 0x000000008b180000, 0x00000000d5580000)
  object space 181760K, 30% used [0x0000000080000000,0x000000008363d788,0x000000008b180000)
 Metaspace       used 93861K, capacity 97880K, committed 98600K, reserved 1134592K
  class space    used 12549K, capacity 13335K, committed 13488K, reserved 1048576K
}

