# JRE version: OpenJDK Runtime Environment (8.0_242-b01) (build 1.8.0_242-release-1644-b01)
# Java VM: OpenJDK 64-Bit Server VM (25.242-b01 mixed mode windows-amd64 compressed oops)
Heap:
 PSYoungGen      total 199168K, used 164342K [0x00000000d5580000, 0x00000000e2d00000, 0x0000000100000000)
  eden space 183296K, 89% used [0x00000000d5580000,0x00000000df5fd998,0x00000000e0880000)
  from space 15872K, 0% used [0x00000000e0e00000,0x00000000e0e00000,0x00000000e1d80000)
  to   space 13312K, 0% used [0x00000000e2000000,0x00000000e2000000,0x00000000e2d00000)
 ParOldGen       total 99328K, used 38173K [0x0000000080000000, 0x0000000086100000, 0x00000000d5580000)
  object space 99328K, 38% used [0x0000000080000000,0x00000000825475e0,0x0000000086100000)
 Metaspace       used 64182K, capacity 66918K, committed 66968K, reserved 1107968K
  class space    used 8797K, capacity 9348K, committed 9392K, reserved 1048576K
GC Heap History (10 events):
Event: 5.740 GC heap before
{Heap before GC invocations=10 (full 1):
 PSYoungGen      total 134656K, used 125725K [0x00000000d5580000, 0x00000000de900000, 0x0000000100000000)
  eden space 125952K, 93% used [0x00000000d5580000,0x00000000dc7e4b28,0x00000000dd080000)
  from space 8704K, 98% used [0x00000000de080000,0x00000000de8e2a10,0x00000000de900000)
  to   space 11776K, 0% used [0x00000000dd200000,0x00000000dd200000,0x00000000ddd80000)
 ParOldGen       total 47104K, used 6980K [0x0000000080000000, 0x0000000082e00000, 0x00000000d5580000)
  object space 47104K, 14% used [0x0000000080000000,0x00000000806d1180,0x0000000082e00000)
 Metaspace       used 34516K, capacity 35426K, committed 35496K, reserved 1079296K
  class space    used 4742K, capacity 5002K, committed 5040K, reserved 1048576K
Event: 5.771 GC heap after
Heap after GC invocations=10 (full 1):
 PSYoungGen      total 139264K, used 11756K [0x00000000d5580000, 0x00000000e2d00000, 0x0000000100000000)
  eden space 127488K, 0% used [0x00000000d5580000,0x00000000d5580000,0x00000000dd200000)
  from space 11776K, 99% used [0x00000000dd200000,0x00000000ddd7b078,0x00000000ddd80000)
  to   space 13312K, 0% used [0x00000000e2000000,0x00000000e2000000,0x00000000e2d00000)
 ParOldGen       total 47104K, used 7399K [0x0000000080000000, 0x0000000082e00000, 0x00000000d5580000)
  object space 47104K, 15% used [0x0000000080000000,0x0000000080739e88,0x0000000082e00000)
 Metaspace       used 34516K, capacity 35426K, committed 35496K, reserved 1079296K
  class space    used 4742K, capacity 5002K, committed 5040K, reserved 1048576K
}
Event: 5.771 GC heap before
{Heap before GC invocations=11 (full 2):
 PSYoungGen      total 139264K, used 11756K [0x00000000d5580000, 0x00000000e2d00000, 0x0000000100000000)
  eden space 127488K, 0% used [0x00000000d5580000,0x00000000d5580000,0x00000000dd200000)
  from space 11776K, 99% used [0x00000000dd200000,0x00000000ddd7b078,0x00000000ddd80000)
  to   space 13312K, 0% used [0x00000000e2000000,0x00000000e2000000,0x00000000e2d00000)
 ParOldGen       total 47104K, used 7399K [0x0000000080000000, 0x0000000082e00000, 0x00000000d5580000)
  object space 47104K, 15% used [0x0000000080000000,0x0000000080739e88,0x0000000082e00000)
 Metaspace       used 34516K, capacity 35426K, committed 35496K, reserved 1079296K
  class space    used 4742K, capacity 5002K, committed 5040K, reserved 1048576K
Event: 5.874 GC heap after
Heap after GC invocations=11 (full 2):
 PSYoungGen      total 139264K, used 0K [0x00000000d5580000, 0x00000000e2d00000, 0x0000000100000000)
  eden space 127488K, 0% used [0x00000000d5580000,0x00000000d5580000,0x00000000dd200000)
  from space 11776K, 0% used [0x00000000dd200000,0x00000000dd200000,0x00000000ddd80000)
  to   space 13312K, 0% used [0x00000000e2000000,0x00000000e2000000,0x00000000e2d00000)
 ParOldGen       total 67072K, used 18670K [0x0000000080000000, 0x0000000084180000, 0x00000000d5580000)
  object space 67072K, 27% used [0x0000000080000000,0x000000008123bb78,0x0000000084180000)
 Metaspace       used 34516K, capacity 35426K, committed 35496K, reserved 1079296K
  class space    used 4742K, capacity 5002K, committed 5040K, reserved 1048576K
}
Event: 7.986 GC heap before
{Heap before GC invocations=12 (full 2):
 PSYoungGen      total 139264K, used 127488K [0x00000000d5580000, 0x00000000e2d00000, 0x0000000100000000)
  eden space 127488K, 100% used [0x00000000d5580000,0x00000000dd200000,0x00000000dd200000)
  from space 11776K, 0% used [0x00000000dd200000,0x00000000dd200000,0x00000000ddd80000)
  to   space 13312K, 0% used [0x00000000e2000000,0x00000000e2000000,0x00000000e2d00000)
 ParOldGen       total 67072K, used 18670K [0x0000000080000000, 0x0000000084180000, 0x00000000d5580000)
  object space 67072K, 27% used [0x0000000080000000,0x000000008123bb78,0x0000000084180000)
 Metaspace       used 44862K, capacity 46390K, committed 46640K, reserved 1089536K
  class space    used 6064K, capacity 6417K, committed 6448K, reserved 1048576K
Event: 8.015 GC heap after
Heap after GC invocations=12 (full 2):
 PSYoungGen      total 196608K, used 13283K [0x00000000d5580000, 0x00000000e2d00000, 0x0000000100000000)
  eden space 183296K, 0% used [0x00000000d5580000,0x00000000d5580000,0x00000000e0880000)
  from space 13312K, 99% used [0x00000000e2000000,0x00000000e2cf8e58,0x00000000e2d00000)
  to   space 15872K, 0% used [0x00000000e0e00000,0x00000000e0e00000,0x00000000e1d80000)
 ParOldGen       total 67072K, used 20530K [0x0000000080000000, 0x0000000084180000, 0x00000000d5580000)
  object space 67072K, 30% used [0x0000000080000000,0x000000008140cb88,0x0000000084180000)
 Metaspace       used 44862K, capacity 46390K, committed 46640K, reserved 1089536K
  class space    used 6064K, capacity 6417K, committed 6448K, reserved 1048576K
}
Event: 10.278 GC heap before
{Heap before GC invocations=13 (full 2):
 PSYoungGen      total 196608K, used 163164K [0x00000000d5580000, 0x00000000e2d00000, 0x0000000100000000)
  eden space 183296K, 81% used [0x00000000d5580000,0x00000000de7de208,0x00000000e0880000)
  from space 13312K, 99% used [0x00000000e2000000,0x00000000e2cf8e58,0x00000000e2d00000)
  to   space 15872K, 0% used [0x00000000e0e00000,0x00000000e0e00000,0x00000000e1d80000)
 ParOldGen       total 67072K, used 20530K [0x0000000080000000, 0x0000000084180000, 0x00000000d5580000)
  object space 67072K, 30% used [0x0000000080000000,0x000000008140cb88,0x0000000084180000)
 Metaspace       used 57031K, capacity 59064K, committed 59160K, reserved 1099776K
  class space    used 7709K, capacity 8163K, committed 8240K, reserved 1048576K
Event: 10.310 GC heap after
Heap after GC invocations=13 (full 2):
 PSYoungGen      total 199168K, used 15846K [0x00000000d5580000, 0x00000000e2d00000, 0x0000000100000000)
  eden space 183296K, 0% used [0x00000000d5580000,0x00000000d5580000,0x00000000e0880000)
  from space 15872K, 99% used [0x00000000e0e00000,0x00000000e1d79818,0x00000000e1d80000)
  to   space 13312K, 0% used [0x00000000e2000000,0x00000000e2000000,0x00000000e2d00000)
 ParOldGen       total 67072K, used 30511K [0x0000000080000000, 0x0000000084180000, 0x00000000d5580000)
  object space 67072K, 45% used [0x0000000080000000,0x0000000081dcbf30,0x0000000084180000)
 Metaspace       used 57031K, capacity 59064K, committed 59160K, reserved 1099776K
  class space    used 7709K, capacity 8163K, committed 8240K, reserved 1048576K
}
Event: 10.310 GC heap before
{Heap before GC invocations=14 (full 3):
 PSYoungGen      total 199168K, used 15846K [0x00000000d5580000, 0x00000000e2d00000, 0x0000000100000000)
  eden space 183296K, 0% used [0x00000000d5580000,0x00000000d5580000,0x00000000e0880000)
  from space 15872K, 99% used [0x00000000e0e00000,0x00000000e1d79818,0x00000000e1d80000)
  to   space 13312K, 0% used [0x00000000e2000000,0x00000000e2000000,0x00000000e2d00000)
 ParOldGen       total 67072K, used 30511K [0x0000000080000000, 0x0000000084180000, 0x00000000d5580000)
  object space 67072K, 45% used [0x0000000080000000,0x0000000081dcbf30,0x0000000084180000)
 Metaspace       used 57031K, capacity 59064K, committed 59160K, reserved 1099776K
  class space    used 7709K, capacity 8163K, committed 8240K, reserved 1048576K
Event: 10.552 GC heap after
Heap after GC invocations=14 (full 3):
 PSYoungGen      total 199168K, used 0K [0x00000000d5580000, 0x00000000e2d00000, 0x0000000100000000)
  eden space 183296K, 0% used [0x00000000d5580000,0x00000000d5580000,0x00000000e0880000)
  from space 15872K, 0% used [0x00000000e0e00000,0x00000000e0e00000,0x00000000e1d80000)
  to   space 13312K, 0% used [0x00000000e2000000,0x00000000e2000000,0x00000000e2d00000)
 ParOldGen       total 99328K, used 38173K [0x0000000080000000, 0x0000000086100000, 0x00000000d5580000)
  object space 99328K, 38% used [0x0000000080000000,0x00000000825475e0,0x0000000086100000)
 Metaspace       used 57022K, capacity 59034K, committed 59160K, reserved 1099776K
  class space    used 7706K, capacity 8158K, committed 8240K, reserved 1048576K
}

